[ 2017-03-06T10:20:54+08:00 ] ::1 /AO/index.php/Home/Login/login
INFO: [ app_begin ] --START--
INFO: Run Behavior\ReadHtmlCacheBehavior [ RunTime:0.000952s ]
INFO: [ app_begin ] --END-- [ RunTime:0.001456s ]
SQL: SHOW COLUMNS FROM `user` [ RunTime:0.2530s ]
SQL: SELECT * FROM `user` WHERE `uid` = 1 AND `password` = '123' AND `isAdmin` = 0  [ RunTime:0.0005s ]
INFO: [ app_end ] --START--
INFO: Run Behavior\ShowPageTraceBehavior [ RunTime:0.001012s ]
INFO: [ app_end ] --END-- [ RunTime:0.001057s ]

[ 2017-03-06T11:35:58+08:00 ] ::1 /AO/index.php/Home/Knowledge/addarticle
INFO: [ app_begin ] --START--
INFO: Run Behavior\ReadHtmlCacheBehavior [ RunTime:0.001771s ]
INFO: [ app_begin ] --END-- [ RunTime:0.002461s ]
SQL: SHOW COLUMNS FROM `article` [ RunTime:0.0128s ]
SQL: UPDATE `article` SET `uid`='1',`akid`='1',`title`=' 179. Largest Number LeetCode ',`content`='题意：给出一堆的数字字符串，问把这些字符串连接起来能组成的最大数字是多少。 <br>
题解：排序，第一位字母按字典序降序，第一位字母相同的s1和s2，那就比较s1+s2 和 s2 + s1的大小来降序排列，然后按排好序的顺序连起来就是最大的数字。注意前导0的问题。<div></div>',`date`='2017-03-06 11:03:58' WHERE `aid` = 5 [ RunTime:0.0216s ]
INFO: [ app_end ] --START--
INFO: Run Behavior\ShowPageTraceBehavior [ RunTime:0.001589s ]
INFO: [ app_end ] --END-- [ RunTime:0.001632s ]

[ 2017-03-06T13:41:46+08:00 ] ::1 /AO/index.php/Home/Login/login
INFO: [ app_begin ] --START--
INFO: Run Behavior\ReadHtmlCacheBehavior [ RunTime:0.001628s ]
INFO: [ app_begin ] --END-- [ RunTime:0.002585s ]
SQL: SHOW COLUMNS FROM `user` [ RunTime:0.0489s ]
SQL: SELECT * FROM `user` WHERE `uid` = 2 AND `password` = '123' AND `isAdmin` = 1  [ RunTime:0.0007s ]
INFO: [ app_end ] --START--
INFO: Run Behavior\ShowPageTraceBehavior [ RunTime:0.001471s ]
INFO: [ app_end ] --END-- [ RunTime:0.001537s ]

[ 2017-03-06T13:43:01+08:00 ] ::1 /AO/index.php/Home/Login/login
INFO: [ app_begin ] --START--
INFO: Run Behavior\ReadHtmlCacheBehavior [ RunTime:0.001867s ]
INFO: [ app_begin ] --END-- [ RunTime:0.003469s ]
SQL: SHOW COLUMNS FROM `user` [ RunTime:0.0284s ]
SQL: SELECT * FROM `user` WHERE `uid` = 4 AND `password` = '123' AND `isAdmin` = 0  [ RunTime:0.0004s ]
NOTIC: [8] Undefined offset: 0 C:\xampp\htdocs\AO\Application\Home\Controller\LoginController.class.php 第 17 行.
INFO: [ app_end ] --START--
INFO: Run Behavior\ShowPageTraceBehavior [ RunTime:0.001658s ]
INFO: [ app_end ] --END-- [ RunTime:0.001723s ]

[ 2017-03-06T13:43:04+08:00 ] ::1 /AO/index.php/Home/Login/login
INFO: [ app_begin ] --START--
INFO: Run Behavior\ReadHtmlCacheBehavior [ RunTime:0.003267s ]
INFO: [ app_begin ] --END-- [ RunTime:0.004840s ]
SQL: SHOW COLUMNS FROM `user` [ RunTime:0.0346s ]
SQL: SELECT * FROM `user` WHERE `uid` = 4 AND `password` = '123' AND `isAdmin` = 0  [ RunTime:0.0005s ]
NOTIC: [8] Undefined offset: 0 C:\xampp\htdocs\AO\Application\Home\Controller\LoginController.class.php 第 17 行.
INFO: [ app_end ] --START--
INFO: Run Behavior\ShowPageTraceBehavior [ RunTime:0.002135s ]
INFO: [ app_end ] --END-- [ RunTime:0.002227s ]

[ 2017-03-06T13:43:07+08:00 ] ::1 /AO/index.php/Home/Login/login
INFO: [ app_begin ] --START--
INFO: Run Behavior\ReadHtmlCacheBehavior [ RunTime:0.002917s ]
INFO: [ app_begin ] --END-- [ RunTime:0.003987s ]
SQL: SHOW COLUMNS FROM `user` [ RunTime:0.1210s ]
SQL: SELECT * FROM `user` WHERE `uid` = 5 AND `password` = '123' AND `isAdmin` = 0  [ RunTime:0.0009s ]
NOTIC: [8] Undefined offset: 0 C:\xampp\htdocs\AO\Application\Home\Controller\LoginController.class.php 第 17 行.
INFO: [ app_end ] --START--
INFO: Run Behavior\ShowPageTraceBehavior [ RunTime:0.003680s ]
INFO: [ app_end ] --END-- [ RunTime:0.003832s ]

[ 2017-03-06T13:43:28+08:00 ] ::1 /AO/index.php/Home/Login/login
INFO: [ app_begin ] --START--
INFO: Run Behavior\ReadHtmlCacheBehavior [ RunTime:0.001483s ]
INFO: [ app_begin ] --END-- [ RunTime:0.002553s ]
SQL: SHOW COLUMNS FROM `user` [ RunTime:0.0582s ]
SQL: SELECT * FROM `user` WHERE `uid` = 2 AND `password` = '123' AND `isAdmin` = 1  [ RunTime:0.0004s ]
INFO: [ app_end ] --START--
INFO: Run Behavior\ShowPageTraceBehavior [ RunTime:0.001736s ]
INFO: [ app_end ] --END-- [ RunTime:0.001800s ]

[ 2017-03-06T13:44:05+08:00 ] ::1 /AO/index.php/Home/Login/login
INFO: [ app_begin ] --START--
INFO: Run Behavior\ReadHtmlCacheBehavior [ RunTime:0.004939s ]
INFO: [ app_begin ] --END-- [ RunTime:0.007146s ]
SQL: SHOW COLUMNS FROM `user` [ RunTime:0.0217s ]
SQL: SELECT * FROM `user` WHERE `uid` = 4 AND `password` = '' AND `isAdmin` = 0  [ RunTime:0.0008s ]
INFO: [ app_end ] --START--
INFO: Run Behavior\ShowPageTraceBehavior [ RunTime:0.003751s ]
INFO: [ app_end ] --END-- [ RunTime:0.003848s ]

[ 2017-03-06T13:45:17+08:00 ] ::1 /AO/index.php/Home/Person/uploadPic
INFO: [ app_begin ] --START--
INFO: Run Behavior\ReadHtmlCacheBehavior [ RunTime:0.001822s ]
INFO: [ app_begin ] --END-- [ RunTime:0.002581s ]
NOTIC: [2] call_user_func() expects parameter 1 to be a valid callback, no array or string given C:\xampp\htdocs\AO\ThinkPHP\Library\Think\Upload.class.php 第 170 行.
SQL: SHOW COLUMNS FROM `user` [ RunTime:0.0150s ]
SQL: UPDATE `user` SET `pic`='/AO/Public./img/2017-03-06/58bcf76de1411.JPG' WHERE `uid` = 4 [ RunTime:0.0006s ]
INFO: [ app_end ] --START--
INFO: Run Behavior\ShowPageTraceBehavior [ RunTime:0.001889s ]
INFO: [ app_end ] --END-- [ RunTime:0.001950s ]

[ 2017-03-06T13:45:31+08:00 ] ::1 /AO/index.php/Home/Login/login
INFO: [ app_begin ] --START--
INFO: Run Behavior\ReadHtmlCacheBehavior [ RunTime:0.002396s ]
INFO: [ app_begin ] --END-- [ RunTime:0.002926s ]
SQL: SHOW COLUMNS FROM `user` [ RunTime:0.0434s ]
SQL: SELECT * FROM `user` WHERE `uid` = 4 AND `password` = '' AND `isAdmin` = 0  [ RunTime:0.0004s ]
INFO: [ app_end ] --START--
INFO: Run Behavior\ShowPageTraceBehavior [ RunTime:0.001929s ]
INFO: [ app_end ] --END-- [ RunTime:0.002004s ]

[ 2017-03-06T13:45:50+08:00 ] ::1 /AO/index.php/Home/Person/modifyPassword
INFO: [ app_begin ] --START--
INFO: Run Behavior\ReadHtmlCacheBehavior [ RunTime:0.001246s ]
INFO: [ app_begin ] --END-- [ RunTime:0.001883s ]
SQL: SHOW COLUMNS FROM `user` [ RunTime:0.0637s ]
SQL: SELECT * FROM `user` WHERE `uid` = 4 AND `password` = ''  [ RunTime:0.0004s ]
SQL: UPDATE `user` SET `password`='123' WHERE `uid` = 4 [ RunTime:0.0003s ]
INFO: [ app_end ] --START--
INFO: Run Behavior\ShowPageTraceBehavior [ RunTime:0.001312s ]
INFO: [ app_end ] --END-- [ RunTime:0.001364s ]

[ 2017-03-06T13:47:22+08:00 ] ::1 /AO/index.php/Home/Knowledge/addarticle
INFO: [ app_begin ] --START--
INFO: Run Behavior\ReadHtmlCacheBehavior [ RunTime:0.001002s ]
INFO: [ app_begin ] --END-- [ RunTime:0.001616s ]
SQL: SHOW COLUMNS FROM `article` [ RunTime:0.0275s ]
SQL: INSERT INTO `article` (`uid`,`akid`,`title`,`content`,`date`) VALUES ('4','1',' 127. Word Ladder LeetCode ','题意：给出一个开头单词，一个结尾单词，还有一个字典，单词之间之差一个字母的可以相互转换，问开头单词与字典里面的单词交换多少次能转换成结尾单词。 <br>
题解：很显然建边，然后BFS。但是很容易TLE或者MLE，所以要注意建边的姿势。<div>题意：给出一个开头单词，一个结尾单词，还有一个字典，单词之间之差一个字母的可以相互转换，问开头单词与字典里面的单词交换多少次能转换成结尾单词。 <br>
题解：很显然建边，然后BFS。但是很容易TLE或者MLE，所以要注意建边的姿势。<br></div><div>题意：给出一个开头单词，一个结尾单词，还有一个字典，单词之间之差一个字母的可以相互转换，问开头单词与字典里面的单词交换多少次能转换成结尾单词。 <br>
题解：很显然建边，然后BFS。但是很容易TLE或者MLE，所以要注意建边的姿势。<br></div><div>题意：给出一个开头单词，一个结尾单词，还有一个字典，单词之间之差一个字母的可以相互转换，问开头单词与字典里面的单词交换多少次能转换成结尾单词。 <br>
题解：很显然建边，然后BFS。但是很容易TLE或者MLE，所以要注意建边的姿势。<br></div><div>题意：给出一个开头单词，一个结尾单词，还有一个字典，单词之间之差一个字母的可以相互转换，问开头单词与字典里面的单词交换多少次能转换成结尾单词。 <br>
题解：很显然建边，然后BFS。但是很容易TLE或者MLE，所以要注意建边的姿势。<br></div><div>题意：给出一个开头单词，一个结尾单词，还有一个字典，单词之间之差一个字母的可以相互转换，问开头单词与字典里面的单词交换多少次能转换成结尾单词。 <br>
题解：很显然建边，然后BFS。但是很容易TLE或者MLE，所以要注意建边的姿势。<br></div><div>题意：给出一个开头单词，一个结尾单词，还有一个字典，单词之间之差一个字母的可以相互转换，问开头单词与字典里面的单词交换多少次能转换成结尾单词。 <br>
题解：很显然建边，然后BFS。但是很容易TLE或者MLE，所以要注意建边的姿势。<br></div>','2017-03-06 13:03:22') [ RunTime:0.0272s ]
INFO: [ app_end ] --START--
INFO: Run Behavior\ShowPageTraceBehavior [ RunTime:0.001620s ]
INFO: [ app_end ] --END-- [ RunTime:0.001685s ]

[ 2017-03-06T13:49:48+08:00 ] ::1 /AO/index.php/Home/Login/login
INFO: [ app_begin ] --START--
INFO: Run Behavior\ReadHtmlCacheBehavior [ RunTime:0.001145s ]
INFO: [ app_begin ] --END-- [ RunTime:0.001707s ]
SQL: SHOW COLUMNS FROM `user` [ RunTime:0.0295s ]
SQL: SELECT * FROM `user` WHERE `uid` = 1 AND `password` = '123' AND `isAdmin` = 0  [ RunTime:0.0010s ]
INFO: [ app_end ] --START--
INFO: Run Behavior\ShowPageTraceBehavior [ RunTime:0.002275s ]
INFO: [ app_end ] --END-- [ RunTime:0.002373s ]

[ 2017-03-06T13:50:10+08:00 ] ::1 /AO/index.php/Home/Knowledge/addarticle
INFO: [ app_begin ] --START--
INFO: Run Behavior\ReadHtmlCacheBehavior [ RunTime:0.001049s ]
INFO: [ app_begin ] --END-- [ RunTime:0.001648s ]
SQL: SHOW COLUMNS FROM `article` [ RunTime:0.0194s ]
SQL: UPDATE `article` SET `uid`='1',`akid`='1',`title`=' 179. Largest Number LeetCode ',`content`='题意：给出一堆的数字字符串，问把这些字符串连接起来能组成的最大数字是多少。 <br>
题解：排序，第一位字母按字典序降序，第一位字母相同的s1和s2，那就比较s1+s2 和 s2 + s1的大小来降序排列，然后按排好序的顺序连起来就是最大的数字。注意前导0的问题。<div></div><div>题意：给出一堆的数字字符串，问把这些字符串连接起来能组成的最大数字是多少。&nbsp;<br>题解：排序，第一位字母按字典序降序，第一位字母相同的s1和s2，那就比较s1+s2 和 s2 + s1的大小来降序排列，然后按排好序的顺序连起来就是最大的数字。注意前导0的问题。<br></div><div>题意：给出一堆的数字字符串，问把这些字符串连接起来能组成的最大数字是多少。&nbsp;<br>题解：排序，第一位字母按字典序降序，第一位字母相同的s1和s2，那就比较s1+s2 和 s2 + s1的大小来降序排列，然后按排好序的顺序连起来就是最大的数字。注意前导0的问题。<br></div><div>题意：给出一堆的数字字符串，问把这些字符串连接起来能组成的最大数字是多少。&nbsp;<br>题解：排序，第一位字母按字典序降序，第一位字母相同的s1和s2，那就比较s1+s2 和 s2 + s1的大小来降序排列，然后按排好序的顺序连起来就是最大的数字。注意前导0的问题。<br></div><div>题意：给出一堆的数字字符串，问把这些字符串连接起来能组成的最大数字是多少。&nbsp;<br>题解：排序，第一位字母按字典序降序，第一位字母相同的s1和s2，那就比较s1+s2 和 s2 + s1的大小来降序排列，然后按排好序的顺序连起来就是最大的数字。注意前导0的问题。<br></div>',`date`='2017-03-06 13:03:10' WHERE `aid` = 5 [ RunTime:0.0009s ]
INFO: [ app_end ] --START--
INFO: Run Behavior\ShowPageTraceBehavior [ RunTime:0.001672s ]
INFO: [ app_end ] --END-- [ RunTime:0.001742s ]

[ 2017-03-06T14:38:30+08:00 ] ::1 /AO/index.php/Home/Knowledge/comment
INFO: [ app_begin ] --START--
INFO: Run Behavior\ReadHtmlCacheBehavior [ RunTime:0.001813s ]
INFO: [ app_begin ] --END-- [ RunTime:0.002700s ]
ERR: 非法操作:comment

[ 2017-03-06T14:44:42+08:00 ] ::1 /AO/index.php/Home/Knowledge/comment
INFO: [ app_begin ] --START--
INFO: Run Behavior\ReadHtmlCacheBehavior [ RunTime:0.001490s ]
INFO: [ app_begin ] --END-- [ RunTime:0.002271s ]
SQL: SHOW COLUMNS FROM `comment` [ RunTime:0.0133s ]

[ 2017-03-06T14:47:24+08:00 ] ::1 /AO/index.php/Home/Knowledge/comment
INFO: [ app_begin ] --START--
INFO: Run Behavior\ReadHtmlCacheBehavior [ RunTime:0.001493s ]
INFO: [ app_begin ] --END-- [ RunTime:0.002168s ]
SQL: SHOW COLUMNS FROM `comment` [ RunTime:0.0277s ]

[ 2017-03-06T14:48:09+08:00 ] ::1 /AO/index.php/Home/Knowledge/comment
INFO: [ app_begin ] --START--
INFO: Run Behavior\ReadHtmlCacheBehavior [ RunTime:0.001330s ]
INFO: [ app_begin ] --END-- [ RunTime:0.001935s ]
SQL: SHOW COLUMNS FROM `comment` [ RunTime:0.0606s ]
SQL: INSERT INTO `comment` (`aid`,`content`,`uid`,`date`) VALUES ('5','123','1','2017-03-06 14:03:09') [ RunTime:0.0004s ]
INFO: [ app_end ] --START--
INFO: Run Behavior\ShowPageTraceBehavior [ RunTime:0.001574s ]
INFO: [ app_end ] --END-- [ RunTime:0.001625s ]

[ 2017-03-06T14:49:49+08:00 ] ::1 /AO/index.php/Home/Knowledge/comment
INFO: [ app_begin ] --START--
INFO: Run Behavior\ReadHtmlCacheBehavior [ RunTime:0.001473s ]
INFO: [ app_begin ] --END-- [ RunTime:0.002354s ]
SQL: SHOW COLUMNS FROM `comment` [ RunTime:0.0134s ]
SQL: INSERT INTO `comment` (`aid`,`content`,`uid`,`date`) VALUES ('5','测试','1','2017-03-06 14:03:49') [ RunTime:0.0003s ]
INFO: [ app_end ] --START--
INFO: Run Behavior\ShowPageTraceBehavior [ RunTime:0.001600s ]
INFO: [ app_end ] --END-- [ RunTime:0.001646s ]

[ 2017-03-06T14:58:47+08:00 ] ::1 /AO/index.php/Home/Login/login
INFO: [ app_begin ] --START--
INFO: Run Behavior\ReadHtmlCacheBehavior [ RunTime:0.001176s ]
INFO: [ app_begin ] --END-- [ RunTime:0.001750s ]
SQL: SHOW COLUMNS FROM `user` [ RunTime:0.0186s ]
SQL: SELECT * FROM `user` WHERE `uid` = 2 AND `password` = '123' AND `isAdmin` = 1  [ RunTime:0.0008s ]
INFO: [ app_end ] --START--
INFO: Run Behavior\ShowPageTraceBehavior [ RunTime:0.002126s ]
INFO: [ app_end ] --END-- [ RunTime:0.002230s ]

[ 2017-03-06T14:59:04+08:00 ] ::1 /AO/index.php/Home/Login/login
INFO: [ app_begin ] --START--
INFO: Run Behavior\ReadHtmlCacheBehavior [ RunTime:0.001019s ]
INFO: [ app_begin ] --END-- [ RunTime:0.001500s ]
SQL: SHOW COLUMNS FROM `user` [ RunTime:0.0191s ]
SQL: SELECT * FROM `user` WHERE `uid` = 1 AND `password` = '123' AND `isAdmin` = 0  [ RunTime:0.0006s ]
INFO: [ app_end ] --START--
INFO: Run Behavior\ShowPageTraceBehavior [ RunTime:0.002253s ]
INFO: [ app_end ] --END-- [ RunTime:0.002355s ]

[ 2017-03-06T15:06:44+08:00 ] ::1 /AO/index.php/Home/Knowledge/comment
INFO: [ app_begin ] --START--
INFO: Run Behavior\ReadHtmlCacheBehavior [ RunTime:0.001290s ]
INFO: [ app_begin ] --END-- [ RunTime:0.001781s ]
SQL: SHOW COLUMNS FROM `comment` [ RunTime:0.0259s ]
SQL: INSERT INTO `comment` (`aid`,`content`,`uid`,`date`) VALUES ('5','斯泽哈皮','1','2017-03-06 15:03:44') [ RunTime:0.0004s ]
INFO: [ app_end ] --START--
INFO: Run Behavior\ShowPageTraceBehavior [ RunTime:0.001603s ]
INFO: [ app_end ] --END-- [ RunTime:0.001652s ]

[ 2017-03-06T19:04:41+08:00 ] ::1 /AO/index.php/Home/Login/login
INFO: [ app_begin ] --START--
INFO: Run Behavior\ReadHtmlCacheBehavior [ RunTime:0.001221s ]
INFO: [ app_begin ] --END-- [ RunTime:0.001924s ]
SQL: SHOW COLUMNS FROM `user` [ RunTime:0.0186s ]
SQL: SELECT * FROM `user` WHERE `uid` = 0 AND `password` = '123' AND `isAdmin` = 0  [ RunTime:0.0004s ]
NOTIC: [8] Undefined offset: 0 C:\xampp\htdocs\AO\Application\Home\Controller\LoginController.class.php 第 17 行.
INFO: [ app_end ] --START--
INFO: Run Behavior\ShowPageTraceBehavior [ RunTime:0.001325s ]
INFO: [ app_end ] --END-- [ RunTime:0.001371s ]

[ 2017-03-06T19:04:44+08:00 ] ::1 /AO/index.php/Home/Login/login
INFO: [ app_begin ] --START--
INFO: Run Behavior\ReadHtmlCacheBehavior [ RunTime:0.001211s ]
INFO: [ app_begin ] --END-- [ RunTime:0.001649s ]
SQL: SHOW COLUMNS FROM `user` [ RunTime:0.0172s ]
SQL: SELECT * FROM `user` WHERE `uid` = 0 AND `password` = '123' AND `isAdmin` = 0  [ RunTime:0.0004s ]
NOTIC: [8] Undefined offset: 0 C:\xampp\htdocs\AO\Application\Home\Controller\LoginController.class.php 第 17 行.
INFO: [ app_end ] --START--
INFO: Run Behavior\ShowPageTraceBehavior [ RunTime:0.001414s ]
INFO: [ app_end ] --END-- [ RunTime:0.001583s ]

[ 2017-03-06T19:04:46+08:00 ] ::1 /AO/index.php/Home/Login/login
INFO: [ app_begin ] --START--
INFO: Run Behavior\ReadHtmlCacheBehavior [ RunTime:0.001065s ]
INFO: [ app_begin ] --END-- [ RunTime:0.001463s ]
SQL: SHOW COLUMNS FROM `user` [ RunTime:0.0262s ]
SQL: SELECT * FROM `user` WHERE `uid` = 1 AND `password` = '123' AND `isAdmin` = 0  [ RunTime:0.0004s ]
INFO: [ app_end ] --START--
INFO: Run Behavior\ShowPageTraceBehavior [ RunTime:0.001160s ]
INFO: [ app_end ] --END-- [ RunTime:0.001206s ]

[ 2017-03-06T20:14:49+08:00 ] ::1 /AO/index.php/Home/Knowledge/addarticle
INFO: [ app_begin ] --START--
INFO: Run Behavior\ReadHtmlCacheBehavior [ RunTime:0.001043s ]
INFO: [ app_begin ] --END-- [ RunTime:0.001737s ]
SQL: SHOW COLUMNS FROM `article` [ RunTime:0.0267s ]
SQL: INSERT INTO `article` (`uid`,`akid`,`title`,`content`,`date`) VALUES ('0','3','为什么姚班都选择了出国','为什么今年姚班的人选择全部出国。','2017-03-06 20:03:49') [ RunTime:0.0227s ]
INFO: [ app_end ] --START--
INFO: Run Behavior\ShowPageTraceBehavior [ RunTime:0.001290s ]
INFO: [ app_end ] --END-- [ RunTime:0.001332s ]

[ 2017-03-06T20:15:47+08:00 ] ::1 /AO/index.php/Home/Login/login
INFO: [ app_begin ] --START--
INFO: Run Behavior\ReadHtmlCacheBehavior [ RunTime:0.001420s ]
INFO: [ app_begin ] --END-- [ RunTime:0.002162s ]
SQL: SHOW COLUMNS FROM `user` [ RunTime:0.0232s ]
SQL: SELECT * FROM `user` WHERE `uid` = 2 AND `password` = '123' AND `isAdmin` = 0  [ RunTime:0.0004s ]
NOTIC: [8] Undefined offset: 0 C:\xampp\htdocs\AO\Application\Home\Controller\LoginController.class.php 第 17 行.
INFO: [ app_end ] --START--
INFO: Run Behavior\ShowPageTraceBehavior [ RunTime:0.001561s ]
INFO: [ app_end ] --END-- [ RunTime:0.001606s ]

[ 2017-03-06T20:15:52+08:00 ] ::1 /AO/index.php/Home/Login/login
INFO: [ app_begin ] --START--
INFO: Run Behavior\ReadHtmlCacheBehavior [ RunTime:0.002010s ]
INFO: [ app_begin ] --END-- [ RunTime:0.002801s ]
SQL: SHOW COLUMNS FROM `user` [ RunTime:0.0280s ]
SQL: SELECT * FROM `user` WHERE `uid` = 1 AND `password` = '123' AND `isAdmin` = 0  [ RunTime:0.0004s ]
INFO: [ app_end ] --START--
INFO: Run Behavior\ShowPageTraceBehavior [ RunTime:0.001617s ]
INFO: [ app_end ] --END-- [ RunTime:0.001665s ]

[ 2017-03-06T20:29:20+08:00 ] ::1 /AO/index.php/Home/Knowledge/comment
INFO: [ app_begin ] --START--
INFO: Run Behavior\ReadHtmlCacheBehavior [ RunTime:0.000980s ]
INFO: [ app_begin ] --END-- [ RunTime:0.001486s ]
SQL: SHOW COLUMNS FROM `comment` [ RunTime:0.0264s ]
SQL: INSERT INTO `comment` (`aid`,`content`,`uid`,`akid`,`date`) VALUES ('8','123','1','3','2017-03-06 20:03:20') [ RunTime:0.0304s ]
INFO: [ app_end ] --START--
INFO: Run Behavior\ShowPageTraceBehavior [ RunTime:0.001309s ]
INFO: [ app_end ] --END-- [ RunTime:0.001360s ]

[ 2017-03-06T20:29:28+08:00 ] ::1 /AO/index.php/Home/Knowledge/comment
INFO: [ app_begin ] --START--
INFO: Run Behavior\ReadHtmlCacheBehavior [ RunTime:0.001296s ]
INFO: [ app_begin ] --END-- [ RunTime:0.001875s ]
SQL: SHOW COLUMNS FROM `comment` [ RunTime:0.0265s ]
SQL: INSERT INTO `comment` (`aid`,`content`,`uid`,`akid`,`date`) VALUES ('8','test','1','3','2017-03-06 20:03:28') [ RunTime:0.0003s ]
INFO: [ app_end ] --START--
INFO: Run Behavior\ShowPageTraceBehavior [ RunTime:0.001280s ]
INFO: [ app_end ] --END-- [ RunTime:0.001359s ]

[ 2017-03-06T20:29:41+08:00 ] ::1 /AO/index.php/Home/Knowledge/comment
INFO: [ app_begin ] --START--
INFO: Run Behavior\ReadHtmlCacheBehavior [ RunTime:0.000957s ]
INFO: [ app_begin ] --END-- [ RunTime:0.001465s ]
SQL: SHOW COLUMNS FROM `comment` [ RunTime:0.0272s ]
SQL: INSERT INTO `comment` (`aid`,`content`,`uid`,`akid`,`date`) VALUES ('8','num','1','3','2017-03-06 20:03:41') [ RunTime:0.0003s ]
INFO: [ app_end ] --START--
INFO: Run Behavior\ShowPageTraceBehavior [ RunTime:0.001249s ]
INFO: [ app_end ] --END-- [ RunTime:0.001295s ]

[ 2017-03-06T20:29:54+08:00 ] ::1 /AO/index.php/Home/Knowledge/comment
INFO: [ app_begin ] --START--
INFO: Run Behavior\ReadHtmlCacheBehavior [ RunTime:0.000977s ]
INFO: [ app_begin ] --END-- [ RunTime:0.001476s ]
SQL: SHOW COLUMNS FROM `comment` [ RunTime:0.0228s ]
SQL: INSERT INTO `comment` (`aid`,`content`,`uid`,`akid`,`date`) VALUES ('8','斯泽哈皮','1','3','2017-03-06 20:03:54') [ RunTime:0.0003s ]
INFO: [ app_end ] --START--
INFO: Run Behavior\ShowPageTraceBehavior [ RunTime:0.001807s ]
INFO: [ app_end ] --END-- [ RunTime:0.001881s ]

[ 2017-03-06T21:10:26+08:00 ] ::1 /AO/index.php/Home/Knowledge/deleteask
INFO: [ app_begin ] --START--
INFO: Run Behavior\ReadHtmlCacheBehavior [ RunTime:0.001387s ]
INFO: [ app_begin ] --END-- [ RunTime:0.002024s ]
ERR: 非法操作:deleteask

[ 2017-03-06T21:10:51+08:00 ] ::1 /AO/index.php/Home/Knowledge/deleteask
INFO: [ app_begin ] --START--
INFO: Run Behavior\ReadHtmlCacheBehavior [ RunTime:0.002526s ]
INFO: [ app_begin ] --END-- [ RunTime:0.004114s ]
SQL: SHOW COLUMNS FROM `comment` [ RunTime:0.0186s ]
SQL: DELETE FROM `comment` WHERE `cid` = 8 [ RunTime:0.0289s ]
INFO: [ app_end ] --START--
INFO: Run Behavior\ShowPageTraceBehavior [ RunTime:0.001650s ]
INFO: [ app_end ] --END-- [ RunTime:0.001697s ]

[ 2017-03-06T21:11:37+08:00 ] ::1 /AO/index.php/Home/Knowledge/deleteask
INFO: [ app_begin ] --START--
INFO: Run Behavior\ReadHtmlCacheBehavior [ RunTime:0.002652s ]
INFO: [ app_begin ] --END-- [ RunTime:0.004938s ]
SQL: SHOW COLUMNS FROM `comment` [ RunTime:0.0132s ]
SQL: DELETE FROM `comment` WHERE `cid` = 4 [ RunTime:0.0130s ]
INFO: [ app_end ] --START--
INFO: Run Behavior\ShowPageTraceBehavior [ RunTime:0.001630s ]
INFO: [ app_end ] --END-- [ RunTime:0.001675s ]

[ 2017-03-06T21:16:36+08:00 ] ::1 /AO/index.php/Home/Knowledge/comment
INFO: [ app_begin ] --START--
INFO: Run Behavior\ReadHtmlCacheBehavior [ RunTime:0.001786s ]
INFO: [ app_begin ] --END-- [ RunTime:0.002439s ]
SQL: SHOW COLUMNS FROM `comment` [ RunTime:0.0434s ]
SQL: INSERT INTO `comment` (`aid`,`content`,`uid`,`akid`,`date`) VALUES ('8','撒酒疯和卡拉索非户籍科萨汇丰晋卡死复活节凯撒汇丰晋喀什副科级啊上方空间as汇丰晋卡死发觉是否恺撒花房价开始旧喀什副科级啊岁和空间啊','1','3','2017-03-06 21:03:36') [ RunTime:0.0004s ]
INFO: [ app_end ] --START--
INFO: Run Behavior\ShowPageTraceBehavior [ RunTime:0.001918s ]
INFO: [ app_end ] --END-- [ RunTime:0.001976s ]

[ 2017-03-06T21:28:59+08:00 ] ::1 /AO/index.php/Home/Knowledge/newseeask?aid=8
ERR: 非法操作:newseeask

[ 2017-03-06T21:29:20+08:00 ] ::1 /AO/index.php/Home/Knowledge/newseeask?aid=8
ERR: 非法操作:newseeask

[ 2017-03-06T21:49:43+08:00 ] ::1 /AO/index.php/Home/Knowledge/modifycomment
INFO: [ app_begin ] --START--
INFO: Run Behavior\ReadHtmlCacheBehavior [ RunTime:0.001437s ]
INFO: [ app_begin ] --END-- [ RunTime:0.002120s ]
SQL: SHOW COLUMNS FROM `comment` [ RunTime:0.0137s ]
SQL: UPDATE `comment` SET `content`='撒酒疯和卡拉索非户籍科萨汇丰晋卡死复活节凯撒汇丰晋喀什副科级啊上方空间as汇丰晋卡死发觉是否恺撒花房价开始旧喀什副科级啊岁和空间啊1' WHERE `cid` = 0 [ RunTime:0.0004s ]
INFO: [ app_end ] --START--
INFO: Run Behavior\ShowPageTraceBehavior [ RunTime:0.001604s ]
INFO: [ app_end ] --END-- [ RunTime:0.001655s ]

[ 2017-03-06T21:50:28+08:00 ] ::1 /AO/index.php/Home/Knowledge/modifycomment
INFO: [ app_begin ] --START--
INFO: Run Behavior\ReadHtmlCacheBehavior [ RunTime:0.001554s ]
INFO: [ app_begin ] --END-- [ RunTime:0.002159s ]
SQL: SHOW COLUMNS FROM `comment` [ RunTime:0.0339s ]
SQL: UPDATE `comment` SET `content`='111' WHERE `cid` = 0 [ RunTime:0.0003s ]
INFO: [ app_end ] --START--
INFO: Run Behavior\ShowPageTraceBehavior [ RunTime:0.001677s ]
INFO: [ app_end ] --END-- [ RunTime:0.001728s ]

[ 2017-03-06T21:52:24+08:00 ] ::1 /AO/index.php/Home/Knowledge/modifycomment
INFO: [ app_begin ] --START--
INFO: Run Behavior\ReadHtmlCacheBehavior [ RunTime:0.001653s ]
INFO: [ app_begin ] --END-- [ RunTime:0.002502s ]
SQL: SHOW COLUMNS FROM `comment` [ RunTime:0.0135s ]
SQL: UPDATE `comment` SET `content`='撒酒疯和卡拉索非户籍科萨汇丰晋卡死复活节凯撒汇丰晋喀什副科级啊上方空间as汇丰晋卡死发觉是否恺撒花房价开始旧喀什副科级啊岁和空间啊1111' WHERE `cid` = 8 [ RunTime:0.0005s ]
INFO: [ app_end ] --START--
INFO: Run Behavior\ShowPageTraceBehavior [ RunTime:0.001861s ]
INFO: [ app_end ] --END-- [ RunTime:0.001933s ]

[ 2017-03-06T21:52:34+08:00 ] ::1 /AO/index.php/Home/Knowledge/modifycomment
INFO: [ app_begin ] --START--
INFO: Run Behavior\ReadHtmlCacheBehavior [ RunTime:0.001340s ]
INFO: [ app_begin ] --END-- [ RunTime:0.001939s ]
SQL: SHOW COLUMNS FROM `comment` [ RunTime:0.0213s ]
SQL: UPDATE `comment` SET `content`='123' WHERE `cid` = 8 [ RunTime:0.0003s ]
INFO: [ app_end ] --START--
INFO: Run Behavior\ShowPageTraceBehavior [ RunTime:0.001581s ]
INFO: [ app_end ] --END-- [ RunTime:0.001625s ]

