[ 2017-02-24T11:23:31+08:00 ] ::1 /AO/index.php/Home/Person/modify
INFO: [ app_begin ] --START--
INFO: Run Behavior\ReadHtmlCacheBehavior [ RunTime:0.001845s ]
INFO: [ app_begin ] --END-- [ RunTime:0.002544s ]
ERR: 非法操作:modify

[ 2017-02-24T11:24:20+08:00 ] ::1 /AO/index.php/Home/Person/modifyPassword
INFO: [ app_begin ] --START--
INFO: Run Behavior\ReadHtmlCacheBehavior [ RunTime:0.001434s ]
INFO: [ app_begin ] --END-- [ RunTime:0.002128s ]
SQL: SHOW COLUMNS FROM `user` [ RunTime:0.0281s ]
SQL: SELECT * FROM `user` WHERE `uid` = 1 AND `password` = '1'  [ RunTime:0.0005s ]
INFO: [ app_end ] --START--
INFO: Run Behavior\ShowPageTraceBehavior [ RunTime:0.001505s ]
INFO: [ app_end ] --END-- [ RunTime:0.001545s ]

[ 2017-02-24T11:24:26+08:00 ] ::1 /AO/index.php/Home/Person/modifyPassword
INFO: [ app_begin ] --START--
INFO: Run Behavior\ReadHtmlCacheBehavior [ RunTime:0.001707s ]
INFO: [ app_begin ] --END-- [ RunTime:0.002498s ]
SQL: SHOW COLUMNS FROM `user` [ RunTime:0.0191s ]
SQL: SELECT * FROM `user` WHERE `uid` = 1 AND `password` = '123'  [ RunTime:0.0004s ]
SQL: UPDATE `user` SET `password`='12' WHERE `uid` = 1 [ RunTime:0.0329s ]
INFO: [ app_end ] --START--
INFO: Run Behavior\ShowPageTraceBehavior [ RunTime:0.001635s ]
INFO: [ app_end ] --END-- [ RunTime:0.001681s ]

[ 2017-02-24T11:24:34+08:00 ] ::1 /AO/index.php/Home/Person/modifyPassword
INFO: [ app_begin ] --START--
INFO: Run Behavior\ReadHtmlCacheBehavior [ RunTime:0.001645s ]
INFO: [ app_begin ] --END-- [ RunTime:0.002481s ]
SQL: SHOW COLUMNS FROM `user` [ RunTime:0.0390s ]
SQL: SELECT * FROM `user` WHERE `uid` = 1 AND `password` = '12'  [ RunTime:0.0007s ]
SQL: UPDATE `user` SET `password`='123' WHERE `uid` = 1 [ RunTime:0.0004s ]
INFO: [ app_end ] --START--
INFO: Run Behavior\ShowPageTraceBehavior [ RunTime:0.002155s ]
INFO: [ app_end ] --END-- [ RunTime:0.002228s ]

[ 2017-02-24T20:40:55+08:00 ] ::1 /AO/index.php/Home/Person/uploadPic
INFO: [ app_begin ] --START--
INFO: Run Behavior\ReadHtmlCacheBehavior [ RunTime:0.001368s ]
INFO: [ app_begin ] --END-- [ RunTime:0.002302s ]
INFO: [ app_end ] --START--
INFO: Run Behavior\ShowPageTraceBehavior [ RunTime:0.001008s ]
INFO: [ app_end ] --END-- [ RunTime:0.001055s ]

[ 2017-02-24T20:41:36+08:00 ] ::1 /AO/index.php/Home/Person/uploadPic1
INFO: [ app_begin ] --START--
INFO: Run Behavior\ReadHtmlCacheBehavior [ RunTime:0.001525s ]
INFO: [ app_begin ] --END-- [ RunTime:0.002231s ]
ERR: 非法操作:uploadPic1

[ 2017-02-24T20:42:15+08:00 ] ::1 /AO/index.php/Home/Person/uploadPic1
INFO: [ app_begin ] --START--
INFO: Run Behavior\ReadHtmlCacheBehavior [ RunTime:0.002020s ]
INFO: [ app_begin ] --END-- [ RunTime:0.002754s ]
ERR: 非法操作:uploadPic1

[ 2017-02-24T20:42:23+08:00 ] ::1 /AO/index.php/Home/Person/uploadPic
INFO: [ app_begin ] --START--
INFO: Run Behavior\ReadHtmlCacheBehavior [ RunTime:0.001713s ]
INFO: [ app_begin ] --END-- [ RunTime:0.002498s ]
INFO: [ app_end ] --START--
INFO: Run Behavior\ShowPageTraceBehavior [ RunTime:0.002253s ]
INFO: [ app_end ] --END-- [ RunTime:0.002336s ]

[ 2017-02-24T20:46:46+08:00 ] ::1 /AO/index.php/Home/Person/uploadPic
INFO: [ app_begin ] --START--
INFO: Run Behavior\ReadHtmlCacheBehavior [ RunTime:0.001444s ]
INFO: [ app_begin ] --END-- [ RunTime:0.002121s ]
INFO: [ app_end ] --START--
INFO: Run Behavior\ShowPageTraceBehavior [ RunTime:0.001631s ]
INFO: [ app_end ] --END-- [ RunTime:0.001688s ]

[ 2017-02-24T20:49:34+08:00 ] ::1 /AO/index.php/Home/Person/uploadPic
INFO: [ app_begin ] --START--
INFO: Run Behavior\ReadHtmlCacheBehavior [ RunTime:0.001592s ]
INFO: [ app_begin ] --END-- [ RunTime:0.002284s ]
INFO: [ app_end ] --START--
INFO: Run Behavior\ShowPageTraceBehavior [ RunTime:0.001491s ]
INFO: [ app_end ] --END-- [ RunTime:0.001553s ]

[ 2017-02-24T20:54:33+08:00 ] ::1 /AO/index.php/Home/Person/uploadPic
INFO: [ app_begin ] --START--
INFO: Run Behavior\ReadHtmlCacheBehavior [ RunTime:0.001688s ]
INFO: [ app_begin ] --END-- [ RunTime:0.002730s ]
INFO: [ app_end ] --START--
INFO: Run Behavior\ShowPageTraceBehavior [ RunTime:0.002093s ]
INFO: [ app_end ] --END-- [ RunTime:0.002262s ]

[ 2017-02-24T20:56:26+08:00 ] ::1 /AO/index.php/Home/Person/uploadPic
INFO: [ app_begin ] --START--
INFO: Run Behavior\ReadHtmlCacheBehavior [ RunTime:0.001435s ]
INFO: [ app_begin ] --END-- [ RunTime:0.002098s ]
INFO: [ app_end ] --START--
INFO: Run Behavior\ShowPageTraceBehavior [ RunTime:0.001623s ]
INFO: [ app_end ] --END-- [ RunTime:0.001682s ]

[ 2017-02-24T21:02:01+08:00 ] ::1 /AO/index.php/Home/Person/uploadPic
INFO: [ app_begin ] --START--
INFO: Run Behavior\ReadHtmlCacheBehavior [ RunTime:0.001836s ]
INFO: [ app_begin ] --END-- [ RunTime:0.002755s ]

[ 2017-02-24T21:03:34+08:00 ] ::1 /AO/index.php/Home/Person/uploadPic
INFO: [ app_begin ] --START--
INFO: Run Behavior\ReadHtmlCacheBehavior [ RunTime:0.001246s ]
INFO: [ app_begin ] --END-- [ RunTime:0.001888s ]

[ 2017-02-24T21:06:50+08:00 ] ::1 /AO/index.php/Home/Person/uploadPic
INFO: [ app_begin ] --START--
INFO: Run Behavior\ReadHtmlCacheBehavior [ RunTime:0.001240s ]
INFO: [ app_begin ] --END-- [ RunTime:0.002433s ]

[ 2017-02-24T21:08:18+08:00 ] ::1 /AO/index.php/Home/Person/uploadPic
INFO: [ app_begin ] --START--
INFO: Run Behavior\ReadHtmlCacheBehavior [ RunTime:0.001507s ]
INFO: [ app_begin ] --END-- [ RunTime:0.002292s ]
INFO: [ app_end ] --START--
INFO: Run Behavior\ShowPageTraceBehavior [ RunTime:0.001575s ]
INFO: [ app_end ] --END-- [ RunTime:0.001667s ]

[ 2017-02-24T21:08:57+08:00 ] ::1 /AO/index.php/Home/Person/uploadPic
INFO: [ app_begin ] --START--
INFO: Run Behavior\ReadHtmlCacheBehavior [ RunTime:0.001372s ]
INFO: [ app_begin ] --END-- [ RunTime:0.002024s ]
INFO: [ app_end ] --START--
INFO: Run Behavior\ShowPageTraceBehavior [ RunTime:0.001049s ]
INFO: [ app_end ] --END-- [ RunTime:0.001106s ]

[ 2017-02-24T21:10:16+08:00 ] ::1 /AO/index.php/Home/Person/uploadPic
INFO: [ app_begin ] --START--
INFO: Run Behavior\ReadHtmlCacheBehavior [ RunTime:0.001104s ]
INFO: [ app_begin ] --END-- [ RunTime:0.001833s ]
INFO: [ app_end ] --START--
INFO: Run Behavior\ShowPageTraceBehavior [ RunTime:0.001059s ]
INFO: [ app_end ] --END-- [ RunTime:0.001117s ]

[ 2017-02-24T21:15:35+08:00 ] ::1 /AO/index.php/Home/Person/uploadPic
INFO: [ app_begin ] --START--
INFO: Run Behavior\ReadHtmlCacheBehavior [ RunTime:0.001815s ]
INFO: [ app_begin ] --END-- [ RunTime:0.002563s ]
NOTIC: [2] call_user_func() expects parameter 1 to be a valid callback, no array or string given C:\xampp\htdocs\AO\ThinkPHP\Library\Think\Upload.class.php 第 170 行.

[ 2017-02-24T21:19:44+08:00 ] ::1 /AO/index.php/Home/Person/uploadPic
INFO: [ app_begin ] --START--
INFO: Run Behavior\ReadHtmlCacheBehavior [ RunTime:0.001769s ]
INFO: [ app_begin ] --END-- [ RunTime:0.002688s ]
INFO: [ app_end ] --START--
INFO: Run Behavior\ShowPageTraceBehavior [ RunTime:0.002073s ]
INFO: [ app_end ] --END-- [ RunTime:0.002178s ]

[ 2017-02-24T21:20:31+08:00 ] ::1 /AO/index.php/Home/Person/uploadPic
INFO: [ app_begin ] --START--
INFO: Run Behavior\ReadHtmlCacheBehavior [ RunTime:0.001288s ]
INFO: [ app_begin ] --END-- [ RunTime:0.002003s ]
INFO: [ app_end ] --START--
INFO: Run Behavior\ShowPageTraceBehavior [ RunTime:0.002053s ]
INFO: [ app_end ] --END-- [ RunTime:0.002156s ]

[ 2017-02-24T21:24:00+08:00 ] ::1 /AO/index.php/Home/Person/uploadPic
INFO: [ app_begin ] --START--
INFO: Run Behavior\ReadHtmlCacheBehavior [ RunTime:0.001137s ]
INFO: [ app_begin ] --END-- [ RunTime:0.001835s ]
NOTIC: [2] call_user_func() expects parameter 1 to be a valid callback, no array or string given C:\xampp\htdocs\AO\ThinkPHP\Library\Think\Upload.class.php 第 170 行.
NOTIC: [8] Undefined variable: uploadPic C:\xampp\htdocs\AO\Application\Home\Controller\PersonController.class.php 第 63 行.
NOTIC: [8] Undefined offset: 0 C:\xampp\htdocs\AO\Application\Home\Controller\PersonController.class.php 第 64 行.
NOTIC: [8] Undefined offset: 0 C:\xampp\htdocs\AO\Application\Home\Controller\PersonController.class.php 第 64 行.
SQL: SHOW COLUMNS FROM `user` [ RunTime:0.0792s ]
SQL: UPDATE `user` SET `pic`='' WHERE `uid` = 0 [ RunTime:0.0306s ]
INFO: [ app_end ] --START--
INFO: Run Behavior\ShowPageTraceBehavior [ RunTime:0.001738s ]
INFO: [ app_end ] --END-- [ RunTime:0.001806s ]

[ 2017-02-24T21:24:42+08:00 ] ::1 /AO/index.php/Home/Person/uploadPic
INFO: [ app_begin ] --START--
INFO: Run Behavior\ReadHtmlCacheBehavior [ RunTime:0.001781s ]
INFO: [ app_begin ] --END-- [ RunTime:0.002480s ]
NOTIC: [2] call_user_func() expects parameter 1 to be a valid callback, no array or string given C:\xampp\htdocs\AO\ThinkPHP\Library\Think\Upload.class.php 第 170 行.
NOTIC: [8] Undefined variable: uploadPic C:\xampp\htdocs\AO\Application\Home\Controller\PersonController.class.php 第 63 行.
NOTIC: [8] Undefined offset: 0 C:\xampp\htdocs\AO\Application\Home\Controller\PersonController.class.php 第 64 行.
NOTIC: [8] Undefined offset: 0 C:\xampp\htdocs\AO\Application\Home\Controller\PersonController.class.php 第 64 行.
SQL: SHOW COLUMNS FROM `user` [ RunTime:0.0169s ]
SQL: UPDATE `user` SET `pic`='' WHERE `uid` = 0 [ RunTime:0.0003s ]
INFO: [ app_end ] --START--
INFO: Run Behavior\ShowPageTraceBehavior [ RunTime:0.001258s ]
INFO: [ app_end ] --END-- [ RunTime:0.001302s ]

[ 2017-02-24T21:25:47+08:00 ] ::1 /AO/index.php/Home/Person/uploadPic
INFO: [ app_begin ] --START--
INFO: Run Behavior\ReadHtmlCacheBehavior [ RunTime:0.001612s ]
INFO: [ app_begin ] --END-- [ RunTime:0.002496s ]
NOTIC: [2] call_user_func() expects parameter 1 to be a valid callback, no array or string given C:\xampp\htdocs\AO\ThinkPHP\Library\Think\Upload.class.php 第 170 行.
NOTIC: [8] Undefined offset: 0 C:\xampp\htdocs\AO\Application\Home\Controller\PersonController.class.php 第 64 行.
NOTIC: [8] Undefined offset: 0 C:\xampp\htdocs\AO\Application\Home\Controller\PersonController.class.php 第 64 行.
SQL: SHOW COLUMNS FROM `user` [ RunTime:0.0189s ]
SQL: UPDATE `user` SET `pic`='' WHERE `uid` = 0 [ RunTime:0.0004s ]
INFO: [ app_end ] --START--
INFO: Run Behavior\ShowPageTraceBehavior [ RunTime:0.001877s ]
INFO: [ app_end ] --END-- [ RunTime:0.001958s ]

[ 2017-02-24T21:30:34+08:00 ] ::1 /AO/index.php/Home/Person/uploadPic
INFO: [ app_begin ] --START--
INFO: Run Behavior\ReadHtmlCacheBehavior [ RunTime:0.001802s ]
INFO: [ app_begin ] --END-- [ RunTime:0.002546s ]
NOTIC: [2] call_user_func() expects parameter 1 to be a valid callback, no array or string given C:\xampp\htdocs\AO\ThinkPHP\Library\Think\Upload.class.php 第 170 行.
NOTIC: [8] Undefined offset: 0 C:\xampp\htdocs\AO\Application\Home\Controller\PersonController.class.php 第 63 行.
NOTIC: [8] Undefined offset: 0 C:\xampp\htdocs\AO\Application\Home\Controller\PersonController.class.php 第 63 行.
SQL: SHOW COLUMNS FROM `user` [ RunTime:0.0295s ]
SQL: UPDATE `user` SET `pic`='' WHERE `uid` = 1 [ RunTime:0.0007s ]
INFO: [ app_end ] --START--
INFO: Run Behavior\ShowPageTraceBehavior [ RunTime:0.001485s ]
INFO: [ app_end ] --END-- [ RunTime:0.001540s ]

[ 2017-02-24T21:32:43+08:00 ] ::1 /AO/index.php/Home/Person/uploadPic
INFO: [ app_begin ] --START--
INFO: Run Behavior\ReadHtmlCacheBehavior [ RunTime:0.001066s ]
INFO: [ app_begin ] --END-- [ RunTime:0.001676s ]
NOTIC: [2] call_user_func() expects parameter 1 to be a valid callback, no array or string given C:\xampp\htdocs\AO\ThinkPHP\Library\Think\Upload.class.php 第 170 行.
NOTIC: [8] Undefined offset: 0 C:\xampp\htdocs\AO\Application\Home\Controller\PersonController.class.php 第 63 行.
NOTIC: [8] Undefined offset: 0 C:\xampp\htdocs\AO\Application\Home\Controller\PersonController.class.php 第 63 行.
SQL: SHOW COLUMNS FROM `user` [ RunTime:0.0147s ]
INFO: [ app_end ] --START--
INFO: Run Behavior\ShowPageTraceBehavior [ RunTime:0.001237s ]
INFO: [ app_end ] --END-- [ RunTime:0.001279s ]

[ 2017-02-24T21:33:54+08:00 ] ::1 /AO/index.php/Home/Person/uploadPic
INFO: [ app_begin ] --START--
INFO: Run Behavior\ReadHtmlCacheBehavior [ RunTime:0.001957s ]
INFO: [ app_begin ] --END-- [ RunTime:0.002947s ]
NOTIC: [2] call_user_func() expects parameter 1 to be a valid callback, no array or string given C:\xampp\htdocs\AO\ThinkPHP\Library\Think\Upload.class.php 第 170 行.
SQL: SHOW COLUMNS FROM `user` [ RunTime:0.1137s ]
INFO: [ app_end ] --START--
INFO: Run Behavior\ShowPageTraceBehavior [ RunTime:0.001528s ]
INFO: [ app_end ] --END-- [ RunTime:0.001570s ]

[ 2017-02-24T21:35:34+08:00 ] ::1 /AO/index.php/Home/Person/uploadPic
INFO: [ app_begin ] --START--
INFO: Run Behavior\ReadHtmlCacheBehavior [ RunTime:0.001355s ]
INFO: [ app_begin ] --END-- [ RunTime:0.001985s ]
NOTIC: [2] call_user_func() expects parameter 1 to be a valid callback, no array or string given C:\xampp\htdocs\AO\ThinkPHP\Library\Think\Upload.class.php 第 170 行.
SQL: SHOW COLUMNS FROM `user` [ RunTime:0.0161s ]
SQL: UPDATE `user` SET `pic`='/AO/Public./img/2017-02-24/58b036a6b0b7a.JPG' WHERE `uid` = 1 [ RunTime:0.0005s ]
INFO: [ app_end ] --START--
INFO: Run Behavior\ShowPageTraceBehavior [ RunTime:0.001868s ]
INFO: [ app_end ] --END-- [ RunTime:0.001933s ]

[ 2017-02-24T21:39:20+08:00 ] ::1 /AO/index.php/Home/Person/uploadPic
INFO: [ app_begin ] --START--
INFO: Run Behavior\ReadHtmlCacheBehavior [ RunTime:0.001508s ]
INFO: [ app_begin ] --END-- [ RunTime:0.002264s ]
NOTIC: [2] call_user_func() expects parameter 1 to be a valid callback, no array or string given C:\xampp\htdocs\AO\ThinkPHP\Library\Think\Upload.class.php 第 170 行.
SQL: SHOW COLUMNS FROM `user` [ RunTime:0.0402s ]
SQL: UPDATE `user` SET `pic`='/AO/Public./img/2017-02-24/58b0378819c44.JPG' WHERE `uid` = 1 [ RunTime:0.0006s ]
INFO: [ app_end ] --START--
INFO: Run Behavior\ShowPageTraceBehavior [ RunTime:0.001938s ]
INFO: [ app_end ] --END-- [ RunTime:0.001993s ]

[ 2017-02-24T22:09:49+08:00 ] ::1 /AO/index.php/Home/Index/announcementList
ERR: 非法操作:announcementList

[ 2017-02-24T22:17:49+08:00 ] ::1 /AO/index.php/Home/Person/modifyInfo
INFO: [ app_begin ] --START--
INFO: Run Behavior\ReadHtmlCacheBehavior [ RunTime:0.001799s ]
INFO: [ app_begin ] --END-- [ RunTime:0.003283s ]
INFO: [ app_end ] --START--
INFO: Run Behavior\ShowPageTraceBehavior [ RunTime:0.002112s ]
INFO: [ app_end ] --END-- [ RunTime:0.002206s ]

[ 2017-02-24T22:18:43+08:00 ] ::1 /AO/index.php/Home/Person/modifyInfo
INFO: [ app_begin ] --START--
INFO: Run Behavior\ReadHtmlCacheBehavior [ RunTime:0.003856s ]
INFO: [ app_begin ] --END-- [ RunTime:0.004787s ]
INFO: [ app_end ] --START--
INFO: Run Behavior\ShowPageTraceBehavior [ RunTime:0.002360s ]
INFO: [ app_end ] --END-- [ RunTime:0.002482s ]

[ 2017-02-24T22:19:37+08:00 ] ::1 /AO/index.php/Home/Person/modifyInfo
INFO: [ app_begin ] --START--
INFO: Run Behavior\ReadHtmlCacheBehavior [ RunTime:0.001573s ]
INFO: [ app_begin ] --END-- [ RunTime:0.002581s ]
INFO: [ app_end ] --START--
INFO: Run Behavior\ShowPageTraceBehavior [ RunTime:0.001551s ]
INFO: [ app_end ] --END-- [ RunTime:0.001658s ]

[ 2017-02-24T22:20:44+08:00 ] ::1 /AO/index.php/Home/Person/modifyInfo
INFO: [ app_begin ] --START--
INFO: Run Behavior\ReadHtmlCacheBehavior [ RunTime:0.002025s ]
INFO: [ app_begin ] --END-- [ RunTime:0.002820s ]
INFO: [ app_end ] --START--
INFO: Run Behavior\ShowPageTraceBehavior [ RunTime:0.001297s ]
INFO: [ app_end ] --END-- [ RunTime:0.001368s ]

[ 2017-02-24T22:20:46+08:00 ] ::1 /AO/index.php/Home/Person/javascrip(0);?username=%E6%B0%B8%E5%85%B4&uid=1&phone=18345151815&email=350193001%40qq.com&address=%E5%93%88%E5%B0%94%E6%BB%A8
ERR: 非法操作:javascrip(0);

[ 2017-02-24T22:22:25+08:00 ] ::1 /AO/index.php/Home/Person/modifyInfo
INFO: [ app_begin ] --START--
INFO: Run Behavior\ReadHtmlCacheBehavior [ RunTime:0.001273s ]
INFO: [ app_begin ] --END-- [ RunTime:0.002248s ]
INFO: [ app_end ] --START--
INFO: Run Behavior\ShowPageTraceBehavior [ RunTime:0.001197s ]
INFO: [ app_end ] --END-- [ RunTime:0.001280s ]

[ 2017-02-24T22:24:06+08:00 ] ::1 /AO/index.php/Home/Person/modifyInfo
INFO: [ app_begin ] --START--
INFO: Run Behavior\ReadHtmlCacheBehavior [ RunTime:0.002145s ]
INFO: [ app_begin ] --END-- [ RunTime:0.002973s ]
SQL: SHOW COLUMNS FROM `user` [ RunTime:0.0192s ]
SQL: UPDATE `user` SET `phone`='18345151815',`email`='350193001@qq.com',`address`='哈尔滨' WHERE `uid` = 1 [ RunTime:0.0004s ]
INFO: [ app_end ] --START--
INFO: Run Behavior\ShowPageTraceBehavior [ RunTime:0.001371s ]
INFO: [ app_end ] --END-- [ RunTime:0.001441s ]

[ 2017-02-24T22:24:13+08:00 ] ::1 /AO/index.php/Home/Person/modifyInfo
INFO: [ app_begin ] --START--
INFO: Run Behavior\ReadHtmlCacheBehavior [ RunTime:0.003716s ]
INFO: [ app_begin ] --END-- [ RunTime:0.004780s ]
SQL: SHOW COLUMNS FROM `user` [ RunTime:0.0926s ]
SQL: UPDATE `user` SET `phone`='18345151815',`email`='350193001@qq.com',`address`='哈尔滨南岗区' WHERE `uid` = 1 [ RunTime:0.0005s ]
INFO: [ app_end ] --START--
INFO: Run Behavior\ShowPageTraceBehavior [ RunTime:0.002807s ]
INFO: [ app_end ] --END-- [ RunTime:0.002959s ]

