[ 2017-02-18T20:35:24+08:00 ] ::1 /AO/index.php/Home/Login/groupLogin
INFO: [ app_begin ] --START--
INFO: Run Behavior\ReadHtmlCacheBehavior [ RunTime:0.012017s ]
INFO: [ app_begin ] --END-- [ RunTime:0.052962s ]
SQL: SHOW COLUMNS FROM `group` [ RunTime:0.0806s ]
SQL: SELECT * FROM `group` WHERE `password` = '123'  [ RunTime:0.0632s ]
INFO: [ app_end ] --START--
INFO: Run Behavior\ShowPageTraceBehavior [ RunTime:0.013878s ]
INFO: [ app_end ] --END-- [ RunTime:0.014038s ]

[ 2017-02-18T20:39:51+08:00 ] ::1 /AO/index.php/Home/Login/login
INFO: [ app_begin ] --START--
INFO: Run Behavior\ReadHtmlCacheBehavior [ RunTime:0.001650s ]
INFO: [ app_begin ] --END-- [ RunTime:0.002358s ]
ERR: 非法操作:login

[ 2017-02-18T20:53:57+08:00 ] ::1 /AO/index.php/Home/Login/login
INFO: [ app_begin ] --START--
INFO: Run Behavior\ReadHtmlCacheBehavior [ RunTime:0.001834s ]
INFO: [ app_begin ] --END-- [ RunTime:0.002683s ]
SQL: SHOW COLUMNS FROM `user` [ RunTime:0.0475s ]
NOTIC: [8] Undefined index: uid C:\xampp\htdocs\AO\Application\Home\Controller\LoginController.class.php 第 16 行.
SQL: SELECT * FROM `user` WHERE `uid` = null AND `password` = '123'  [ RunTime:0.0007s ]
INFO: [ app_end ] --START--
INFO: Run Behavior\ShowPageTraceBehavior [ RunTime:0.002512s ]
INFO: [ app_end ] --END-- [ RunTime:0.002591s ]

[ 2017-02-18T20:54:49+08:00 ] ::1 /AO/index.php/Home/Login/login
INFO: [ app_begin ] --START--
INFO: Run Behavior\ReadHtmlCacheBehavior [ RunTime:0.000766s ]
INFO: [ app_begin ] --END-- [ RunTime:0.001258s ]
SQL: SHOW COLUMNS FROM `user` [ RunTime:0.0284s ]
NOTIC: [8] Undefined index: uid C:\xampp\htdocs\AO\Application\Home\Controller\LoginController.class.php 第 16 行.
SQL: SELECT * FROM `user` WHERE `uid` = null AND `password` = '123' AND `isAdmin` = 0  [ RunTime:0.0004s ]
INFO: [ app_end ] --START--
INFO: Run Behavior\ShowPageTraceBehavior [ RunTime:0.001120s ]
INFO: [ app_end ] --END-- [ RunTime:0.001189s ]

[ 2017-02-18T20:55:25+08:00 ] ::1 /AO/index.php/Home/Login/login
INFO: [ app_begin ] --START--
INFO: Run Behavior\ReadHtmlCacheBehavior [ RunTime:0.001672s ]
INFO: [ app_begin ] --END-- [ RunTime:0.002270s ]
SQL: SHOW COLUMNS FROM `user` [ RunTime:0.0280s ]
SQL: SELECT * FROM `user` WHERE `uid` = 0 AND `password` = '123' AND `isAdmin` = 0  [ RunTime:0.0004s ]
INFO: [ app_end ] --START--
INFO: Run Behavior\ShowPageTraceBehavior [ RunTime:0.001939s ]
INFO: [ app_end ] --END-- [ RunTime:0.001989s ]

[ 2017-02-18T20:56:57+08:00 ] ::1 /AO/index.php/Home/Login/login
INFO: [ app_begin ] --START--
INFO: Run Behavior\ReadHtmlCacheBehavior [ RunTime:0.001104s ]
INFO: [ app_begin ] --END-- [ RunTime:0.001712s ]
SQL: SHOW COLUMNS FROM `user` [ RunTime:0.0281s ]
SQL: SELECT * FROM `user` WHERE `username` = 'whatyouthink' AND `password` = '123' AND `isAdmin` = 0  [ RunTime:0.0004s ]
NOTIC: [8] Undefined index: uid C:\xampp\htdocs\AO\Application\Home\Controller\LoginController.class.php 第 22 行.
INFO: [ app_end ] --START--
INFO: Run Behavior\ShowPageTraceBehavior [ RunTime:0.001032s ]
INFO: [ app_end ] --END-- [ RunTime:0.001077s ]

[ 2017-02-18T20:57:34+08:00 ] ::1 /AO/index.php/Home/Login/login
INFO: [ app_begin ] --START--
INFO: Run Behavior\ReadHtmlCacheBehavior [ RunTime:0.001908s ]
INFO: [ app_begin ] --END-- [ RunTime:0.002467s ]
SQL: SHOW COLUMNS FROM `user` [ RunTime:0.0429s ]
SQL: SELECT * FROM `user` WHERE `username` = 'admin' AND `password` = '123' AND `isAdmin` = 0  [ RunTime:0.0003s ]
INFO: [ app_end ] --START--
INFO: Run Behavior\ShowPageTraceBehavior [ RunTime:0.001651s ]
INFO: [ app_end ] --END-- [ RunTime:0.001734s ]

[ 2017-02-18T20:58:15+08:00 ] ::1 /AO/index.php/Home/Login/login
INFO: [ app_begin ] --START--
INFO: Run Behavior\ReadHtmlCacheBehavior [ RunTime:0.001982s ]
INFO: [ app_begin ] --END-- [ RunTime:0.002564s ]
SQL: SHOW COLUMNS FROM `user` [ RunTime:0.0209s ]
SQL: SELECT * FROM `user` WHERE `username` = 'whatyouthink' AND `password` = '123' AND `isAdmin` = 0  [ RunTime:0.0003s ]
NOTIC: [8] Undefined index: uid C:\xampp\htdocs\AO\Application\Home\Controller\LoginController.class.php 第 22 行.
INFO: [ app_end ] --START--
INFO: Run Behavior\ShowPageTraceBehavior [ RunTime:0.001514s ]
INFO: [ app_end ] --END-- [ RunTime:0.001566s ]

[ 2017-02-18T20:58:41+08:00 ] ::1 /AO/index.php/Home/Login/login
INFO: [ app_begin ] --START--
INFO: Run Behavior\ReadHtmlCacheBehavior [ RunTime:0.001497s ]
INFO: [ app_begin ] --END-- [ RunTime:0.001924s ]
SQL: SHOW COLUMNS FROM `user` [ RunTime:0.0290s ]
SQL: SELECT * FROM `user` WHERE `username` = 'whatyouthink' AND `password` = '123' AND `isAdmin` = 0  [ RunTime:0.0004s ]
NOTIC: [8] Undefined index: uid C:\xampp\htdocs\AO\Application\Home\Controller\LoginController.class.php 第 23 行.
INFO: [ app_end ] --START--
INFO: Run Behavior\ShowPageTraceBehavior [ RunTime:0.001509s ]
INFO: [ app_end ] --END-- [ RunTime:0.001553s ]

[ 2017-02-18T20:59:41+08:00 ] ::1 /AO/index.php/Home/Login/login
INFO: [ app_begin ] --START--
INFO: Run Behavior\ReadHtmlCacheBehavior [ RunTime:0.001838s ]
INFO: [ app_begin ] --END-- [ RunTime:0.002502s ]
SQL: SHOW COLUMNS FROM `user` [ RunTime:0.0245s ]
SQL: SELECT * FROM `user` WHERE `username` = 'whatyouthink' AND `password` = '123' AND `isAdmin` = 0  [ RunTime:0.0005s ]
NOTIC: [8] Undefined index: uid C:\xampp\htdocs\AO\Application\Home\Controller\LoginController.class.php 第 23 行.
INFO: [ app_end ] --START--
INFO: Run Behavior\ShowPageTraceBehavior [ RunTime:0.001981s ]
INFO: [ app_end ] --END-- [ RunTime:0.002052s ]

[ 2017-02-18T21:00:27+08:00 ] ::1 /AO/index.php/Home/Login/login
INFO: [ app_begin ] --START--
INFO: Run Behavior\ReadHtmlCacheBehavior [ RunTime:0.002574s ]
INFO: [ app_begin ] --END-- [ RunTime:0.003092s ]
SQL: SHOW COLUMNS FROM `user` [ RunTime:0.0138s ]
SQL: SELECT * FROM `user` WHERE `username` = 'whatyouthink' AND `password` = '123' AND `isAdmin` = 0  [ RunTime:0.0007s ]
NOTIC: [8] Undefined index: uid C:\xampp\htdocs\AO\Application\Home\Controller\LoginController.class.php 第 23 行.
INFO: [ app_end ] --START--
INFO: Run Behavior\ShowPageTraceBehavior [ RunTime:0.002080s ]
INFO: [ app_end ] --END-- [ RunTime:0.002153s ]

[ 2017-02-18T21:02:16+08:00 ] ::1 /AO/index.php/Home/Login/login
INFO: [ app_begin ] --START--
INFO: Run Behavior\ReadHtmlCacheBehavior [ RunTime:0.002766s ]
INFO: [ app_begin ] --END-- [ RunTime:0.003548s ]
SQL: SHOW COLUMNS FROM `user` [ RunTime:0.0194s ]
SQL: SELECT * FROM `user` WHERE `username` = 'whatyouthink' AND `password` = '123' AND `isAdmin` = 0  [ RunTime:0.0005s ]
NOTIC: [8] Undefined index: uid C:\xampp\htdocs\AO\Application\Home\Controller\LoginController.class.php 第 23 行.
INFO: [ app_end ] --START--
INFO: Run Behavior\ShowPageTraceBehavior [ RunTime:0.001950s ]
INFO: [ app_end ] --END-- [ RunTime:0.001997s ]

[ 2017-02-18T21:02:47+08:00 ] ::1 /AO/index.php/Home/Login/login
INFO: [ app_begin ] --START--
INFO: Run Behavior\ReadHtmlCacheBehavior [ RunTime:0.001951s ]
INFO: [ app_begin ] --END-- [ RunTime:0.002405s ]
SQL: SHOW COLUMNS FROM `user` [ RunTime:0.0140s ]
SQL: SELECT * FROM `user` WHERE `username` = 'whatyouthink' AND `password` = '123' AND `isAdmin` = 0  [ RunTime:0.0004s ]
NOTIC: [8] Undefined index: uid C:\xampp\htdocs\AO\Application\Home\Controller\LoginController.class.php 第 23 行.
INFO: [ app_end ] --START--
INFO: Run Behavior\ShowPageTraceBehavior [ RunTime:0.001479s ]
INFO: [ app_end ] --END-- [ RunTime:0.001520s ]

[ 2017-02-18T21:03:15+08:00 ] ::1 /AO/index.php/Home/Login/login
INFO: [ app_begin ] --START--
INFO: Run Behavior\ReadHtmlCacheBehavior [ RunTime:0.003422s ]
INFO: [ app_begin ] --END-- [ RunTime:0.004163s ]
SQL: SHOW COLUMNS FROM `user` [ RunTime:0.0267s ]
SQL: SELECT * FROM `user` WHERE `username` = 'whatyouthink' AND `password` = '123' AND `isAdmin` = 0  [ RunTime:0.0004s ]
INFO: [ app_end ] --START--
INFO: Run Behavior\ShowPageTraceBehavior [ RunTime:0.001732s ]
INFO: [ app_end ] --END-- [ RunTime:0.001802s ]

[ 2017-02-18T21:06:34+08:00 ] ::1 /AO/index.php/Home/Login/login
INFO: [ app_begin ] --START--
INFO: Run Behavior\ReadHtmlCacheBehavior [ RunTime:0.001605s ]
INFO: [ app_begin ] --END-- [ RunTime:0.002116s ]
SQL: SHOW COLUMNS FROM `user` [ RunTime:0.0172s ]
SQL: SELECT * FROM `user` WHERE `username` = 'admin' AND `password` = '123' AND `isAdmin` = 0  [ RunTime:0.0004s ]
NOTIC: [8] Undefined offset: 0 C:\xampp\htdocs\AO\Application\Home\Controller\LoginController.class.php 第 20 行.
INFO: [ app_end ] --START--
INFO: Run Behavior\ShowPageTraceBehavior [ RunTime:0.001651s ]
INFO: [ app_end ] --END-- [ RunTime:0.001695s ]

[ 2017-02-18T21:06:39+08:00 ] ::1 /AO/index.php/Home/Login/login
INFO: [ app_begin ] --START--
INFO: Run Behavior\ReadHtmlCacheBehavior [ RunTime:0.000876s ]
INFO: [ app_begin ] --END-- [ RunTime:0.001477s ]
SQL: SHOW COLUMNS FROM `user` [ RunTime:0.0320s ]
SQL: SELECT * FROM `user` WHERE `username` = 'admin' AND `password` = '123' AND `isAdmin` = 1  [ RunTime:0.0005s ]
INFO: [ app_end ] --START--
INFO: Run Behavior\ShowPageTraceBehavior [ RunTime:0.001110s ]
INFO: [ app_end ] --END-- [ RunTime:0.001176s ]

[ 2017-02-18T21:07:50+08:00 ] ::1 /AO/index.php/Home/Login/login
INFO: [ app_begin ] --START--
INFO: Run Behavior\ReadHtmlCacheBehavior [ RunTime:0.001098s ]
INFO: [ app_begin ] --END-- [ RunTime:0.001710s ]
SQL: SHOW COLUMNS FROM `user` [ RunTime:0.0659s ]
SQL: SELECT * FROM `user` WHERE `username` = 'whatyouthink' AND `password` = '123' AND `isAdmin` = 0  [ RunTime:0.0007s ]
INFO: [ app_end ] --START--
INFO: Run Behavior\ShowPageTraceBehavior [ RunTime:0.002188s ]
INFO: [ app_end ] --END-- [ RunTime:0.002287s ]

