[ 2017-02-25T19:36:58+08:00 ] ::1 /AO/index.php/Home/Login/login
INFO: [ app_begin ] --START--
INFO: Run Behavior\ReadHtmlCacheBehavior [ RunTime:0.000744s ]
INFO: [ app_begin ] --END-- [ RunTime:0.001202s ]
SQL: SHOW COLUMNS FROM `user` [ RunTime:0.2404s ]
SQL: SELECT * FROM `user` WHERE `uid` = 1 AND `password` = '123' AND `isAdmin` = 0  [ RunTime:0.0318s ]
INFO: [ app_end ] --START--
INFO: Run Behavior\ShowPageTraceBehavior [ RunTime:0.001836s ]
INFO: [ app_end ] --END-- [ RunTime:0.001949s ]

[ 2017-02-25T19:38:17+08:00 ] ::1 /AO/index.php/Home/Login/login
INFO: [ app_begin ] --START--
INFO: Run Behavior\ReadHtmlCacheBehavior [ RunTime:0.000694s ]
INFO: [ app_begin ] --END-- [ RunTime:0.001130s ]
SQL: SHOW COLUMNS FROM `user` [ RunTime:0.0578s ]
SQL: SELECT * FROM `user` WHERE `uid` = 2 AND `password` = '123' AND `isAdmin` = 1  [ RunTime:0.0004s ]
INFO: [ app_end ] --START--
INFO: Run Behavior\ShowPageTraceBehavior [ RunTime:0.000796s ]
INFO: [ app_end ] --END-- [ RunTime:0.000840s ]

[ 2017-02-25T21:20:28+08:00 ] ::1 /AO/index.php/Home/Login/login
INFO: [ app_begin ] --START--
INFO: Run Behavior\ReadHtmlCacheBehavior [ RunTime:0.001232s ]
INFO: [ app_begin ] --END-- [ RunTime:0.001776s ]
SQL: SHOW COLUMNS FROM `user` [ RunTime:0.0699s ]
SQL: SELECT * FROM `user` WHERE `uid` = 1 AND `password` = '123' AND `isAdmin` = 0  [ RunTime:0.0004s ]
INFO: [ app_end ] --START--
INFO: Run Behavior\ShowPageTraceBehavior [ RunTime:0.001193s ]
INFO: [ app_end ] --END-- [ RunTime:0.001234s ]

[ 2017-02-25T21:20:58+08:00 ] ::1 /AO/index.php/Home/Login/login
INFO: [ app_begin ] --START--
INFO: Run Behavior\ReadHtmlCacheBehavior [ RunTime:0.001112s ]
INFO: [ app_begin ] --END-- [ RunTime:0.001644s ]
SQL: SHOW COLUMNS FROM `user` [ RunTime:0.0192s ]
SQL: SELECT * FROM `user` WHERE `uid` = 2 AND `password` = '123' AND `isAdmin` = 1  [ RunTime:0.0004s ]
INFO: [ app_end ] --START--
INFO: Run Behavior\ShowPageTraceBehavior [ RunTime:0.001153s ]
INFO: [ app_end ] --END-- [ RunTime:0.001194s ]

