[ 2017-02-28T10:31:04+08:00 ] ::1 /AO/index.php/Home/Login/login
INFO: [ app_begin ] --START--
INFO: Run Behavior\ReadHtmlCacheBehavior [ RunTime:0.001186s ]
INFO: [ app_begin ] --END-- [ RunTime:0.001773s ]
SQL: SHOW COLUMNS FROM `user` [ RunTime:0.9931s ]
SQL: SELECT * FROM `user` WHERE `uid` = 1 AND `password` = '123' AND `isAdmin` = 0  [ RunTime:0.5088s ]
INFO: [ app_end ] --START--
INFO: Run Behavior\ShowPageTraceBehavior [ RunTime:0.001059s ]
INFO: [ app_end ] --END-- [ RunTime:0.001141s ]

[ 2017-02-28T10:31:04+08:00 ] ::1 /AO/index.php/Home/Login/login
INFO: [ app_begin ] --START--
INFO: Run Behavior\ReadHtmlCacheBehavior [ RunTime:0.001127s ]
INFO: [ app_begin ] --END-- [ RunTime:0.001662s ]
SQL: SHOW COLUMNS FROM `user` [ RunTime:0.0319s ]
SQL: SELECT * FROM `user` WHERE `uid` = 1 AND `password` = '123' AND `isAdmin` = 0  [ RunTime:0.0005s ]
INFO: [ app_end ] --START--
INFO: Run Behavior\ShowPageTraceBehavior [ RunTime:0.001164s ]
INFO: [ app_end ] --END-- [ RunTime:0.001217s ]

[ 2017-02-28T10:33:55+08:00 ] ::1 /AO/index.php/Home/Login/login
INFO: [ app_begin ] --START--
INFO: Run Behavior\ReadHtmlCacheBehavior [ RunTime:0.001640s ]
INFO: [ app_begin ] --END-- [ RunTime:0.002192s ]
SQL: SHOW COLUMNS FROM `user` [ RunTime:0.0323s ]
SQL: SELECT * FROM `user` WHERE `uid` = 2 AND `password` = '123' AND `isAdmin` = 1  [ RunTime:0.0003s ]
INFO: [ app_end ] --START--
INFO: Run Behavior\ShowPageTraceBehavior [ RunTime:0.001579s ]
INFO: [ app_end ] --END-- [ RunTime:0.001627s ]

[ 2017-02-28T10:35:46+08:00 ] ::1 /AO/index.php/Home/Login/login
INFO: [ app_begin ] --START--
INFO: Run Behavior\ReadHtmlCacheBehavior [ RunTime:0.001415s ]
INFO: [ app_begin ] --END-- [ RunTime:0.001917s ]
SQL: SHOW COLUMNS FROM `user` [ RunTime:0.0347s ]
SQL: SELECT * FROM `user` WHERE `uid` = 1 AND `password` = '123' AND `isAdmin` = 0  [ RunTime:0.0004s ]
INFO: [ app_end ] --START--
INFO: Run Behavior\ShowPageTraceBehavior [ RunTime:0.001578s ]
INFO: [ app_end ] --END-- [ RunTime:0.001627s ]

[ 2017-02-28T11:57:59+08:00 ] ::1 /AO/index.php/Home/Login/login
INFO: [ app_begin ] --START--
INFO: Run Behavior\ReadHtmlCacheBehavior [ RunTime:0.001820s ]
INFO: [ app_begin ] --END-- [ RunTime:0.002666s ]
SQL: SHOW COLUMNS FROM `user` [ RunTime:0.1245s ]
SQL: SELECT * FROM `user` WHERE `uid` = 1 AND `password` = '123' AND `isAdmin` = 0  [ RunTime:0.0150s ]
INFO: [ app_end ] --START--
INFO: Run Behavior\ShowPageTraceBehavior [ RunTime:0.004711s ]
INFO: [ app_end ] --END-- [ RunTime:0.004835s ]

[ 2017-02-28T15:26:06+08:00 ] ::1 /AO/index.php/Home/Login/login
INFO: [ app_begin ] --START--
INFO: Run Behavior\ReadHtmlCacheBehavior [ RunTime:0.001547s ]
INFO: [ app_begin ] --END-- [ RunTime:0.002225s ]
SQL: SHOW COLUMNS FROM `user` [ RunTime:0.0158s ]
SQL: SELECT * FROM `user` WHERE `uid` = 1 AND `password` = '123' AND `isAdmin` = 0  [ RunTime:0.0005s ]
INFO: [ app_end ] --START--
INFO: Run Behavior\ShowPageTraceBehavior [ RunTime:0.001562s ]
INFO: [ app_end ] --END-- [ RunTime:0.001605s ]

[ 2017-02-28T18:55:47+08:00 ] ::1 /AO/index.php/Home/Meeting/booking?mid=2
ERR: 非法操作:booking

[ 2017-02-28T18:56:33+08:00 ] ::1 /AO/index.php/Home/Meeting/booking?mid=2
ERR: 模板不存在:./Application/Home/View/Meeting/booking.html

[ 2017-02-28T18:59:37+08:00 ] ::1 /AO/index.php/Home/Login/login
INFO: [ app_begin ] --START--
INFO: Run Behavior\ReadHtmlCacheBehavior [ RunTime:0.001793s ]
INFO: [ app_begin ] --END-- [ RunTime:0.002508s ]
SQL: SHOW COLUMNS FROM `user` [ RunTime:0.0286s ]
SQL: SELECT * FROM `user` WHERE `uid` = 1 AND `password` = '123' AND `isAdmin` = 0  [ RunTime:0.0005s ]
INFO: [ app_end ] --START--
INFO: Run Behavior\ShowPageTraceBehavior [ RunTime:0.001341s ]
INFO: [ app_end ] --END-- [ RunTime:0.001397s ]

[ 2017-02-28T19:03:04+08:00 ] ::1 /AO/index.php/Home/Meeting/booking?mid=1
ERR: SQLSTATE[42000]: Syntax error or access violation: 1064 You have an error in your SQL syntax; check the manual that corresponds to your MySQL server version for the right syntax to use near 'to asc' at line 1

[ 2017-02-28T19:03:12+08:00 ] ::1 /AO/index.php/Home/Meeting/booking?mid=1
ERR: SQLSTATE[42000]: Syntax error or access violation: 1064 You have an error in your SQL syntax; check the manual that corresponds to your MySQL server version for the right syntax to use near 'to acs' at line 1

[ 2017-02-28T19:03:31+08:00 ] ::1 /AO/index.php/Home/Meeting/booking?mid=1
ERR: SQLSTATE[42000]: Syntax error or access violation: 1064 You have an error in your SQL syntax; check the manual that corresponds to your MySQL server version for the right syntax to use near 'from acs' at line 1

[ 2017-02-28T19:03:36+08:00 ] ::1 /AO/index.php/Home/Meeting/booking?mid=1
ERR: SQLSTATE[42000]: Syntax error or access violation: 1064 You have an error in your SQL syntax; check the manual that corresponds to your MySQL server version for the right syntax to use near 'from asc' at line 1

[ 2017-02-28T19:27:46+08:00 ] ::1 /AO/index.php/Home/Login/login
INFO: [ app_begin ] --START--
INFO: Run Behavior\ReadHtmlCacheBehavior [ RunTime:0.001275s ]
INFO: [ app_begin ] --END-- [ RunTime:0.002019s ]
SQL: SHOW COLUMNS FROM `user` [ RunTime:0.0325s ]
SQL: SELECT * FROM `user` WHERE `uid` = 1 AND `password` = '123' AND `isAdmin` = 0  [ RunTime:0.0005s ]
INFO: [ app_end ] --START--
INFO: Run Behavior\ShowPageTraceBehavior [ RunTime:0.001270s ]
INFO: [ app_end ] --END-- [ RunTime:0.001318s ]

[ 2017-02-28T19:53:10+08:00 ] ::1 /AO/index.php/Home/Meeting/booking?mid=1
ERR: SQLSTATE[23000]: Integrity constraint violation: 1052 Column 'mid' in where clause is ambiguous

[ 2017-02-28T20:32:27+08:00 ] ::1 /AO/index.php/Home/Login/login
INFO: [ app_begin ] --START--
INFO: Run Behavior\ReadHtmlCacheBehavior [ RunTime:0.001108s ]
INFO: [ app_begin ] --END-- [ RunTime:0.001615s ]
SQL: SHOW COLUMNS FROM `user` [ RunTime:0.0291s ]
SQL: SELECT * FROM `user` WHERE `uid` = 2 AND `password` = '123' AND `isAdmin` = 1  [ RunTime:0.0005s ]
INFO: [ app_end ] --START--
INFO: Run Behavior\ShowPageTraceBehavior [ RunTime:0.001289s ]
INFO: [ app_end ] --END-- [ RunTime:0.001333s ]

[ 2017-02-28T20:42:59+08:00 ] ::1 /AO/index.php/Home/Login/login
INFO: [ app_begin ] --START--
INFO: Run Behavior\ReadHtmlCacheBehavior [ RunTime:0.001030s ]
INFO: [ app_begin ] --END-- [ RunTime:0.001609s ]
SQL: SHOW COLUMNS FROM `user` [ RunTime:0.0136s ]
SQL: SELECT * FROM `user` WHERE `uid` = 1 AND `password` = '123' AND `isAdmin` = 0  [ RunTime:0.0004s ]
INFO: [ app_end ] --START--
INFO: Run Behavior\ShowPageTraceBehavior [ RunTime:0.001245s ]
INFO: [ app_end ] --END-- [ RunTime:0.001290s ]

[ 2017-02-28T22:20:30+08:00 ] ::1 /AO/index.php/Home/Meeting/__/APP/Home/Meeting/doBooking
INFO: [ app_begin ] --START--
INFO: Run Behavior\ReadHtmlCacheBehavior [ RunTime:0.075757s ]
INFO: [ app_begin ] --END-- [ RunTime:0.124794s ]
ERR: 非法操作:__

[ 2017-02-28T22:21:35+08:00 ] ::1 /AO/index.php/Home/Meeting/doBooking
INFO: [ app_begin ] --START--
INFO: Run Behavior\ReadHtmlCacheBehavior [ RunTime:0.001395s ]
INFO: [ app_begin ] --END-- [ RunTime:0.002006s ]
SQL: SHOW COLUMNS FROM `time` [ RunTime:0.0179s ]
ERR: SQLSTATE[42000]: Syntax error or access violation: 1064 You have an error in your SQL syntax; check the manual that corresponds to your MySQL server version for the right syntax to use near 'to asc' at line 1

[ 2017-02-28T22:22:00+08:00 ] ::1 /AO/index.php/Home/Meeting/doBooking
INFO: [ app_begin ] --START--
INFO: Run Behavior\ReadHtmlCacheBehavior [ RunTime:0.001349s ]
INFO: [ app_begin ] --END-- [ RunTime:0.001948s ]
SQL: SHOW COLUMNS FROM `time` [ RunTime:0.0488s ]
ERR: SQLSTATE[42000]: Syntax error or access violation: 1064 You have an error in your SQL syntax; check the manual that corresponds to your MySQL server version for the right syntax to use near 'to asc' at line 1

[ 2017-02-28T22:22:10+08:00 ] ::1 /AO/index.php/Home/Meeting/doBooking
INFO: [ app_begin ] --START--
INFO: Run Behavior\ReadHtmlCacheBehavior [ RunTime:0.001772s ]
INFO: [ app_begin ] --END-- [ RunTime:0.002421s ]
SQL: SHOW COLUMNS FROM `time` [ RunTime:0.0182s ]
ERR: SQLSTATE[42000]: Syntax error or access violation: 1064 You have an error in your SQL syntax; check the manual that corresponds to your MySQL server version for the right syntax to use near 'to asc' at line 1

[ 2017-02-28T22:22:27+08:00 ] ::1 /AO/index.php/Home/Meeting/doBooking
INFO: [ app_begin ] --START--
INFO: Run Behavior\ReadHtmlCacheBehavior [ RunTime:0.001354s ]
INFO: [ app_begin ] --END-- [ RunTime:0.001992s ]
INFO: [ app_end ] --START--
INFO: Run Behavior\ShowPageTraceBehavior [ RunTime:0.001562s ]
INFO: [ app_end ] --END-- [ RunTime:0.001616s ]

[ 2017-02-28T22:23:44+08:00 ] ::1 /AO/index.php/Home/Meeting/doBooking
INFO: [ app_begin ] --START--
INFO: Run Behavior\ReadHtmlCacheBehavior [ RunTime:0.001446s ]
INFO: [ app_begin ] --END-- [ RunTime:0.002058s ]
SQL: SHOW COLUMNS FROM `time` [ RunTime:0.0308s ]
ERR: SQLSTATE[42000]: Syntax error or access violation: 1064 You have an error in your SQL syntax; check the manual that corresponds to your MySQL server version for the right syntax to use near 'to asc' at line 1

[ 2017-02-28T22:23:48+08:00 ] ::1 /AO/index.php/Home/Meeting/doBooking
INFO: [ app_begin ] --START--
INFO: Run Behavior\ReadHtmlCacheBehavior [ RunTime:0.001352s ]
INFO: [ app_begin ] --END-- [ RunTime:0.001927s ]
SQL: SHOW COLUMNS FROM `time` [ RunTime:0.0124s ]
ERR: SQLSTATE[42000]: Syntax error or access violation: 1064 You have an error in your SQL syntax; check the manual that corresponds to your MySQL server version for the right syntax to use near 'to asc' at line 1

[ 2017-02-28T22:24:19+08:00 ] ::1 /AO/index.php/Home/Meeting/doBooking
INFO: [ app_begin ] --START--
INFO: Run Behavior\ReadHtmlCacheBehavior [ RunTime:0.001383s ]
INFO: [ app_begin ] --END-- [ RunTime:0.002039s ]
SQL: SHOW COLUMNS FROM `time` [ RunTime:0.0175s ]
ERR: SQLSTATE[42000]: Syntax error or access violation: 1064 You have an error in your SQL syntax; check the manual that corresponds to your MySQL server version for the right syntax to use near 'to asc' at line 1

[ 2017-02-28T22:24:30+08:00 ] ::1 /AO/index.php/Home/Meeting/doBooking
INFO: [ app_begin ] --START--
INFO: Run Behavior\ReadHtmlCacheBehavior [ RunTime:0.001456s ]
INFO: [ app_begin ] --END-- [ RunTime:0.002222s ]
SQL: SHOW COLUMNS FROM `time` [ RunTime:0.0761s ]
ERR: SQLSTATE[42000]: Syntax error or access violation: 1064 You have an error in your SQL syntax; check the manual that corresponds to your MySQL server version for the right syntax to use near 'to asc' at line 1

[ 2017-02-28T22:24:55+08:00 ] ::1 /AO/index.php/Home/Meeting/doBooking
INFO: [ app_begin ] --START--
INFO: Run Behavior\ReadHtmlCacheBehavior [ RunTime:0.001444s ]
INFO: [ app_begin ] --END-- [ RunTime:0.002064s ]
NOTIC: [8] Undefined variable: time C:\xampp\htdocs\AO\Application\Home\Controller\MeetingController.class.php 第 43 行.
INFO: [ app_end ] --START--
INFO: Run Behavior\ShowPageTraceBehavior [ RunTime:0.001450s ]
INFO: [ app_end ] --END-- [ RunTime:0.001511s ]

[ 2017-02-28T22:25:29+08:00 ] ::1 /AO/index.php/Home/Meeting/doBooking
INFO: [ app_begin ] --START--
INFO: Run Behavior\ReadHtmlCacheBehavior [ RunTime:0.001339s ]
INFO: [ app_begin ] --END-- [ RunTime:0.001929s ]
INFO: [ app_end ] --START--
INFO: Run Behavior\ShowPageTraceBehavior [ RunTime:0.001416s ]
INFO: [ app_end ] --END-- [ RunTime:0.001480s ]

[ 2017-02-28T22:25:40+08:00 ] ::1 /AO/index.php/Home/Meeting/doBooking
INFO: [ app_begin ] --START--
INFO: Run Behavior\ReadHtmlCacheBehavior [ RunTime:0.001686s ]
INFO: [ app_begin ] --END-- [ RunTime:0.002691s ]
INFO: [ app_end ] --START--
INFO: Run Behavior\ShowPageTraceBehavior [ RunTime:0.001419s ]
INFO: [ app_end ] --END-- [ RunTime:0.001499s ]

[ 2017-02-28T22:25:59+08:00 ] ::1 /AO/index.php/Home/Meeting/doBooking
INFO: [ app_begin ] --START--
INFO: Run Behavior\ReadHtmlCacheBehavior [ RunTime:0.001507s ]
INFO: [ app_begin ] --END-- [ RunTime:0.002169s ]
INFO: [ app_end ] --START--
INFO: Run Behavior\ShowPageTraceBehavior [ RunTime:0.001566s ]
INFO: [ app_end ] --END-- [ RunTime:0.001644s ]

[ 2017-02-28T22:26:46+08:00 ] ::1 /AO/index.php/Home/Meeting/doBooking
INFO: [ app_begin ] --START--
INFO: Run Behavior\ReadHtmlCacheBehavior [ RunTime:0.001395s ]
INFO: [ app_begin ] --END-- [ RunTime:0.002060s ]
SQL: SHOW COLUMNS FROM `time` [ RunTime:0.0400s ]
ERR: SQLSTATE[42000]: Syntax error or access violation: 1064 You have an error in your SQL syntax; check the manual that corresponds to your MySQL server version for the right syntax to use near 'to asc' at line 1

[ 2017-02-28T22:27:57+08:00 ] ::1 /AO/index.php/Home/Meeting/doBooking
INFO: [ app_begin ] --START--
INFO: Run Behavior\ReadHtmlCacheBehavior [ RunTime:0.001364s ]
INFO: [ app_begin ] --END-- [ RunTime:0.002050s ]
SQL: SHOW COLUMNS FROM `time` [ RunTime:0.0313s ]
SQL: SELECT * FROM `time` WHERE `mid` = 1 AND `date` = '2017-02-28' ORDER BY time.to asc  [ RunTime:0.0003s ]
INFO: [ app_end ] --START--
INFO: Run Behavior\ShowPageTraceBehavior [ RunTime:0.001692s ]
INFO: [ app_end ] --END-- [ RunTime:0.001745s ]

[ 2017-02-28T22:28:26+08:00 ] ::1 /AO/index.php/Home/Meeting/doBooking
INFO: [ app_begin ] --START--
INFO: Run Behavior\ReadHtmlCacheBehavior [ RunTime:0.001535s ]
INFO: [ app_begin ] --END-- [ RunTime:0.002243s ]
SQL: SHOW COLUMNS FROM `time` [ RunTime:0.0197s ]
SQL: SELECT * FROM `time` WHERE `mid` = 1 AND `date` = '2017-02-28' ORDER BY time.to asc  [ RunTime:0.0004s ]
INFO: [ app_end ] --START--
INFO: Run Behavior\ShowPageTraceBehavior [ RunTime:0.001898s ]
INFO: [ app_end ] --END-- [ RunTime:0.001989s ]

[ 2017-02-28T22:30:54+08:00 ] ::1 /AO/index.php/Home/Meeting/doBooking
INFO: [ app_begin ] --START--
INFO: Run Behavior\ReadHtmlCacheBehavior [ RunTime:0.001656s ]
INFO: [ app_begin ] --END-- [ RunTime:0.002365s ]
SQL: SHOW COLUMNS FROM `time` [ RunTime:0.0251s ]
SQL: SELECT * FROM `time` WHERE `mid` = 1 AND `date` = '2017-02-28' ORDER BY time.to asc  [ RunTime:0.0003s ]
SQL: INSERT INTO `time` (`mid`,`date`,`from`,`to`,`uid`) VALUES ('1','2017-02-28','1488211200','1488218400','1') [ RunTime:0.0355s ]
INFO: [ app_end ] --START--
INFO: Run Behavior\ShowPageTraceBehavior [ RunTime:0.001871s ]
INFO: [ app_end ] --END-- [ RunTime:0.001944s ]

[ 2017-02-28T22:33:07+08:00 ] ::1 /AO/index.php/Home/Meeting/doBooking
INFO: [ app_begin ] --START--
INFO: Run Behavior\ReadHtmlCacheBehavior [ RunTime:0.001823s ]
INFO: [ app_begin ] --END-- [ RunTime:0.002505s ]
SQL: SHOW COLUMNS FROM `time` [ RunTime:0.0264s ]
SQL: SELECT * FROM `time` WHERE `mid` = 1 AND `date` = '2017-02-28' ORDER BY time.to asc  [ RunTime:0.0004s ]
INFO: [ app_end ] --START--
INFO: Run Behavior\ShowPageTraceBehavior [ RunTime:0.001552s ]
INFO: [ app_end ] --END-- [ RunTime:0.001594s ]

[ 2017-02-28T22:33:26+08:00 ] ::1 /AO/index.php/Home/Meeting/doBooking
INFO: [ app_begin ] --START--
INFO: Run Behavior\ReadHtmlCacheBehavior [ RunTime:0.001258s ]
INFO: [ app_begin ] --END-- [ RunTime:0.001866s ]
SQL: SHOW COLUMNS FROM `time` [ RunTime:0.0272s ]
SQL: SELECT * FROM `time` WHERE `mid` = 1 AND `date` = '2017-02-28' ORDER BY time.to asc  [ RunTime:0.0004s ]
SQL: INSERT INTO `time` (`mid`,`date`,`from`,`to`,`uid`) VALUES ('1','2017-02-28','1488272400','1488290400','1') [ RunTime:0.0003s ]
INFO: [ app_end ] --START--
INFO: Run Behavior\ShowPageTraceBehavior [ RunTime:0.001272s ]
INFO: [ app_end ] --END-- [ RunTime:0.001318s ]

[ 2017-02-28T22:57:38+08:00 ] ::1 /AO/index.php/Home/Meeting/mybooking
ERR: SQLSTATE[23000]: Integrity constraint violation: 1052 Column 'uid' in where clause is ambiguous

[ 2017-02-28T23:11:42+08:00 ] ::1 /AO/index.php/Home/Meeting/deleBooking
INFO: [ app_begin ] --START--
INFO: Run Behavior\ReadHtmlCacheBehavior [ RunTime:0.001384s ]
INFO: [ app_begin ] --END-- [ RunTime:0.002095s ]
SQL: SHOW COLUMNS FROM `time` [ RunTime:0.0125s ]
INFO: [ app_end ] --START--
INFO: Run Behavior\ShowPageTraceBehavior [ RunTime:0.001131s ]
INFO: [ app_end ] --END-- [ RunTime:0.001180s ]

[ 2017-02-28T23:12:07+08:00 ] ::1 /AO/index.php/Home/Meeting/deleBooking
INFO: [ app_begin ] --START--
INFO: Run Behavior\ReadHtmlCacheBehavior [ RunTime:0.001073s ]
INFO: [ app_begin ] --END-- [ RunTime:0.001588s ]
SQL: SHOW COLUMNS FROM `time` [ RunTime:0.0775s ]
SQL: DELETE FROM `time` WHERE `tid` = 2 [ RunTime:0.0471s ]
INFO: [ app_end ] --START--
INFO: Run Behavior\ShowPageTraceBehavior [ RunTime:0.002295s ]
INFO: [ app_end ] --END-- [ RunTime:0.002389s ]

[ 2017-02-28T23:13:35+08:00 ] ::1 /AO/index.php/Home/Login/login
INFO: [ app_begin ] --START--
INFO: Run Behavior\ReadHtmlCacheBehavior [ RunTime:0.001387s ]
INFO: [ app_begin ] --END-- [ RunTime:0.002426s ]
SQL: SHOW COLUMNS FROM `user` [ RunTime:0.0136s ]
SQL: SELECT * FROM `user` WHERE `uid` = 2 AND `password` = '123' AND `isAdmin` = 1  [ RunTime:0.0006s ]
INFO: [ app_end ] --START--
INFO: Run Behavior\ShowPageTraceBehavior [ RunTime:0.001300s ]
INFO: [ app_end ] --END-- [ RunTime:0.001352s ]

