[ 2017-02-21T22:01:08+08:00 ] ::1 /AO/index.php/Admin/Index/doAddAnnouncement
INFO: [ app_begin ] --START--
INFO: Run Behavior\ReadHtmlCacheBehavior [ RunTime:0.001070s ]
INFO: [ app_begin ] --END-- [ RunTime:0.001464s ]
ERR: Think\Controller:save方法不存在！

[ 2017-02-21T22:01:10+08:00 ] ::1 /AO/index.php/Admin/Index/doAddAnnouncement
INFO: [ app_begin ] --START--
INFO: Run Behavior\ReadHtmlCacheBehavior [ RunTime:0.001307s ]
INFO: [ app_begin ] --END-- [ RunTime:0.001770s ]
ERR: Think\Controller:save方法不存在！

[ 2017-02-21T22:01:11+08:00 ] ::1 /AO/index.php/Admin/Index/doAddAnnouncement
INFO: [ app_begin ] --START--
INFO: Run Behavior\ReadHtmlCacheBehavior [ RunTime:0.001254s ]
INFO: [ app_begin ] --END-- [ RunTime:0.001752s ]
ERR: Think\Controller:save方法不存在！

[ 2017-02-21T22:01:11+08:00 ] ::1 /AO/index.php/Admin/Index/doAddAnnouncement
INFO: [ app_begin ] --START--
INFO: Run Behavior\ReadHtmlCacheBehavior [ RunTime:0.001305s ]
INFO: [ app_begin ] --END-- [ RunTime:0.001815s ]
ERR: Think\Controller:save方法不存在！

[ 2017-02-21T22:01:11+08:00 ] ::1 /AO/index.php/Admin/Index/doAddAnnouncement
INFO: [ app_begin ] --START--
INFO: Run Behavior\ReadHtmlCacheBehavior [ RunTime:0.001061s ]
INFO: [ app_begin ] --END-- [ RunTime:0.001454s ]
ERR: Think\Controller:save方法不存在！

[ 2017-02-21T22:02:29+08:00 ] ::1 /AO/index.php/Admin/Index/doAddAnnouncement
ERR: Think\Controller:save方法不存在！

[ 2017-02-21T22:03:12+08:00 ] ::1 /AO/index.php/Admin/Index/doAddAnnouncement
INFO: [ app_begin ] --START--
INFO: Run Behavior\ReadHtmlCacheBehavior [ RunTime:0.001188s ]
INFO: [ app_begin ] --END-- [ RunTime:0.001594s ]
SQL: SHOW COLUMNS FROM `article` [ RunTime:0.0143s ]
SQL: UPDATE `article` SET `title`='test',`content`='123
123

123',`date`='1487685792',`uid`='1',`akid`='1' WHERE `aid` = 0 [ RunTime:0.0231s ]
INFO: [ app_end ] --START--
INFO: Run Behavior\ShowPageTraceBehavior [ RunTime:0.001401s ]
INFO: [ app_end ] --END-- [ RunTime:0.001448s ]

[ 2017-02-21T22:03:45+08:00 ] ::1 /AO/index.php/Admin/Index/doAddAnnouncement
INFO: [ app_begin ] --START--
INFO: Run Behavior\ReadHtmlCacheBehavior [ RunTime:0.001153s ]
INFO: [ app_begin ] --END-- [ RunTime:0.001750s ]
SQL: SHOW COLUMNS FROM `article` [ RunTime:0.0175s ]
INFO: [ app_end ] --START--
INFO: Run Behavior\ShowPageTraceBehavior [ RunTime:0.001249s ]
INFO: [ app_end ] --END-- [ RunTime:0.001301s ]

[ 2017-02-21T22:04:01+08:00 ] ::1 /AO/index.php/Admin/Index/doAddAnnouncement
INFO: [ app_begin ] --START--
INFO: Run Behavior\ReadHtmlCacheBehavior [ RunTime:0.001067s ]
INFO: [ app_begin ] --END-- [ RunTime:0.001658s ]
SQL: SHOW COLUMNS FROM `article` [ RunTime:0.0186s ]
INFO: [ app_end ] --START--
INFO: Run Behavior\ShowPageTraceBehavior [ RunTime:0.001456s ]
INFO: [ app_end ] --END-- [ RunTime:0.001514s ]

[ 2017-02-21T22:04:26+08:00 ] ::1 /AO/index.php/Admin/Index/doAddAnnouncement
INFO: [ app_begin ] --START--
INFO: Run Behavior\ReadHtmlCacheBehavior [ RunTime:0.001475s ]
INFO: [ app_begin ] --END-- [ RunTime:0.002901s ]
SQL: SHOW COLUMNS FROM `article` [ RunTime:0.0185s ]
INFO: [ app_end ] --START--
INFO: Run Behavior\ShowPageTraceBehavior [ RunTime:0.001208s ]
INFO: [ app_end ] --END-- [ RunTime:0.001255s ]

[ 2017-02-21T22:05:25+08:00 ] ::1 /AO/index.php/Admin/Index/doAddAnnouncement
INFO: [ app_begin ] --START--
INFO: Run Behavior\ReadHtmlCacheBehavior [ RunTime:0.001583s ]
INFO: [ app_begin ] --END-- [ RunTime:0.002927s ]
SQL: SHOW COLUMNS FROM `article` [ RunTime:0.0137s ]
INFO: [ app_end ] --START--
INFO: Run Behavior\ShowPageTraceBehavior [ RunTime:0.001205s ]
INFO: [ app_end ] --END-- [ RunTime:0.001250s ]

[ 2017-02-21T22:07:35+08:00 ] ::1 /AO/index.php/Admin/Index/doAddAnnouncement
INFO: [ app_begin ] --START--
INFO: Run Behavior\ReadHtmlCacheBehavior [ RunTime:0.001373s ]
INFO: [ app_begin ] --END-- [ RunTime:0.001935s ]
SQL: SHOW COLUMNS FROM `article` [ RunTime:0.0166s ]
INFO: [ app_end ] --START--
INFO: Run Behavior\ShowPageTraceBehavior [ RunTime:0.001600s ]
INFO: [ app_end ] --END-- [ RunTime:0.001655s ]

[ 2017-02-21T22:08:41+08:00 ] ::1 /AO/index.php/Admin/Index/doAddAnnouncement
INFO: [ app_begin ] --START--
INFO: Run Behavior\ReadHtmlCacheBehavior [ RunTime:0.001035s ]
INFO: [ app_begin ] --END-- [ RunTime:0.001424s ]
SQL: SHOW COLUMNS FROM `article` [ RunTime:0.0634s ]
INFO: [ app_end ] --START--
INFO: Run Behavior\ShowPageTraceBehavior [ RunTime:0.002938s ]
INFO: [ app_end ] --END-- [ RunTime:0.003058s ]

[ 2017-02-21T22:09:43+08:00 ] ::1 /AO/index.php/Admin/Index/doAddAnnouncement
INFO: [ app_begin ] --START--
INFO: Run Behavior\ReadHtmlCacheBehavior [ RunTime:0.001204s ]
INFO: [ app_begin ] --END-- [ RunTime:0.001693s ]
SQL: SHOW COLUMNS FROM `article` [ RunTime:0.0131s ]
SQL: INSERT INTO `article` (`aid`,`title`,`content`,`date`,`uid`,`akid`) VALUES ('0','test','123

123','1487686183','1','1') [ RunTime:0.0442s ]
INFO: [ app_end ] --START--
INFO: Run Behavior\ShowPageTraceBehavior [ RunTime:0.001542s ]
INFO: [ app_end ] --END-- [ RunTime:0.001593s ]

[ 2017-02-21T22:46:15+08:00 ] ::1 /AO/index.php/Admin/Index/doAddAnnouncement
INFO: [ app_begin ] --START--
INFO: Run Behavior\ReadHtmlCacheBehavior [ RunTime:0.001841s ]
INFO: [ app_begin ] --END-- [ RunTime:0.002853s ]
SQL: SHOW COLUMNS FROM `article` [ RunTime:0.0265s ]
SQL: UPDATE `article` SET `title`='test',`content`='123

123

123',`uid`='1',`akid`='1' WHERE `aid` = 1 [ RunTime:0.0298s ]
INFO: [ app_end ] --START--
INFO: Run Behavior\ShowPageTraceBehavior [ RunTime:0.001726s ]
INFO: [ app_end ] --END-- [ RunTime:0.001784s ]

[ 2017-02-21T23:12:22+08:00 ] ::1 /AO/index.php/Admin/Index/doAddAnnouncement
INFO: [ app_begin ] --START--
INFO: Run Behavior\ReadHtmlCacheBehavior [ RunTime:0.002245s ]
INFO: [ app_begin ] --END-- [ RunTime:0.003062s ]
SQL: SHOW COLUMNS FROM `article` [ RunTime:0.0186s ]
SQL: UPDATE `article` SET `title`='test',`content`='123

123

123',`uid`='1',`akid`='1' WHERE `aid` = 1 [ RunTime:0.0004s ]
INFO: [ app_end ] --START--
INFO: Run Behavior\ShowPageTraceBehavior [ RunTime:0.001525s ]
INFO: [ app_end ] --END-- [ RunTime:0.001569s ]

[ 2017-02-21T23:46:01+08:00 ] ::1 /AO/index.php/Admin/Index/jquery-1.3.2.min.js
ERR: 非法操作:jquery-1.3.2.min.js

[ 2017-02-21T23:46:01+08:00 ] ::1 /AO/index.php/Admin/Index/jquery.codify.min.js
ERR: 非法操作:jquery.codify.min.js

